2025-03-17 22:44:08,461 [INFO] Activator:176 - 


2025-03-17 22:44:08,464 [INFO] Activator:177 - !SESSION log4j initialized
2025-03-17 22:44:12,502 [INFO] LogOutputStream:77 - [STDOUT_REDIRECT] 
2025-03-17 22:44:19,875 [INFO] ApplicationProperties:184 - Using Application install path: C:\ST\STM32CubeIDE_1.13.0\STM32CubeIDE\plugins\com.st.stm32cube.common.mx_6.9.0.202307051724
2025-03-17 22:44:19,913 [INFO] DbMcusXml:78 - Set database path to: C:\ST\STM32CubeIDE_1.13.0\STM32CubeIDE\plugins\com.st.stm32cube.common.mx_6.9.0.202307051724\\db\/mcu/
2025-03-17 22:44:19,913 [INFO] ApiDb:274 - Set plugin database path to: C:\ST\STM32CubeIDE_1.13.0\STM32CubeIDE\plugins\com.st.stm32cube.common.mx_6.9.0.202307051724\\db\/plugins/boardmanager/
2025-03-17 22:44:19,915 [WARN] ApiDb:259 - Overriding images path with different value:  => C:\ST\STM32CubeIDE_1.13.0\STM32CubeIDE\plugins\com.st.stm32cube.common.mx_6.9.0.202307051724\\db\/plugins/mcufinder/images/
2025-03-17 22:44:19,940 [INFO] ApiDb:250 - Set database path to: C:\Users\Mediatek\.stmcufinder\plugins\mcufinder//mcu/
2025-03-17 22:44:19,942 [INFO] DbMcusAds:125 - Set database path to: C:\Users\Mediatek\.stmcufinder\plugins\mcufinder//mcu/
2025-03-17 22:44:19,946 [INFO] CrossReferenceDbSqlite:203 - Set database path to: C:\Users\Mediatek\.stmcufinder\plugins\mcufinder//mcu/cs/
2025-03-17 22:44:20,176 [INFO] RulesReader:64 - Compatibility file has been processed (293 Rules)
2025-03-17 22:44:20,342 [INFO] DbMcusXml:78 - Set database path to: C:\ST\STM32CubeIDE_1.13.0\STM32CubeIDE\plugins\com.st.stm32cube.common.mx_6.9.0.202307051724\\db\/mcu/
2025-03-17 22:44:20,342 [INFO] ApiDb:274 - Set plugin database path to: C:\ST\STM32CubeIDE_1.13.0\STM32CubeIDE\plugins\com.st.stm32cube.common.mx_6.9.0.202307051724\\db\/plugins/boardmanager/
2025-03-17 22:44:20,343 [INFO] ApiDb:261 - Set plugin images path to: C:\ST\STM32CubeIDE_1.13.0\STM32CubeIDE\plugins\com.st.stm32cube.common.mx_6.9.0.202307051724\\db\/plugins/mcufinder/images/
2025-03-17 22:44:20,343 [WARN] DbFile:41 - Overriding database path with different value: C:\Users\Mediatek\.stmcufinder\plugins\mcufinder/ => C:\Users\Mediatek\.stmcufinder\plugins\mcufinder
2025-03-17 22:44:20,343 [INFO] ApiDb:250 - Set database path to: C:\Users\Mediatek\.stmcufinder\plugins\mcufinder//mcu/
2025-03-17 22:44:20,343 [WARN] DbFile:41 - Overriding database path with different value: C:\Users\Mediatek\.stmcufinder\plugins\mcufinder/ => C:\Users\Mediatek\.stmcufinder\plugins\mcufinder
2025-03-17 22:44:20,343 [INFO] DbMcusAds:125 - Set database path to: C:\Users\Mediatek\.stmcufinder\plugins\mcufinder//mcu/
2025-03-17 22:44:20,344 [WARN] DbFile:41 - Overriding database path with different value: C:\Users\Mediatek\.stmcufinder\plugins\mcufinder/ => C:\Users\Mediatek\.stmcufinder\plugins\mcufinder
2025-03-17 22:44:20,344 [WARN] DbFile:41 - Overriding database path with different value: C:\Users\Mediatek\.stmcufinder\plugins\mcufinder/ => C:\Users\Mediatek\.stmcufinder\plugins\mcufinder
2025-03-17 22:44:20,344 [INFO] CrossReferenceDbSqlite:203 - Set database path to: C:\Users\Mediatek\.stmcufinder\plugins\mcufinder//mcu/cs/
2025-03-17 22:44:20,480 [INFO] MainPanel:262 - HeapMemory: 268435456
2025-03-17 22:44:20,652 [INFO] DbMcusXml:78 - Set database path to: C:\ST\STM32CubeIDE_1.13.0\STM32CubeIDE\plugins\com.st.stm32cube.common.mx_6.9.0.202307051724\\db\/mcu/
2025-03-17 22:44:20,653 [INFO] ApiDb:274 - Set plugin database path to: C:\ST\STM32CubeIDE_1.13.0\STM32CubeIDE\plugins\com.st.stm32cube.common.mx_6.9.0.202307051724\\db\/plugins/boardmanager/
2025-03-17 22:44:20,653 [INFO] ApiDb:261 - Set plugin images path to: C:\ST\STM32CubeIDE_1.13.0\STM32CubeIDE\plugins\com.st.stm32cube.common.mx_6.9.0.202307051724\\db\/plugins/mcufinder/images/
2025-03-17 22:44:20,654 [WARN] DbFile:41 - Overriding database path with different value: C:\Users\Mediatek\.stmcufinder\plugins\mcufinder/ => C:\Users\Mediatek\.stmcufinder\plugins\mcufinder
2025-03-17 22:44:20,655 [INFO] ApiDb:250 - Set database path to: C:\Users\Mediatek\.stmcufinder\plugins\mcufinder//mcu/
2025-03-17 22:44:20,655 [WARN] DbFile:41 - Overriding database path with different value: C:\Users\Mediatek\.stmcufinder\plugins\mcufinder/ => C:\Users\Mediatek\.stmcufinder\plugins\mcufinder
2025-03-17 22:44:20,655 [INFO] DbMcusAds:125 - Set database path to: C:\Users\Mediatek\.stmcufinder\plugins\mcufinder//mcu/
2025-03-17 22:44:20,655 [WARN] DbFile:41 - Overriding database path with different value: C:\Users\Mediatek\.stmcufinder\plugins\mcufinder/ => C:\Users\Mediatek\.stmcufinder\plugins\mcufinder
2025-03-17 22:44:20,655 [WARN] DbFile:41 - Overriding database path with different value: C:\Users\Mediatek\.stmcufinder\plugins\mcufinder/ => C:\Users\Mediatek\.stmcufinder\plugins\mcufinder
2025-03-17 22:44:20,655 [INFO] CrossReferenceDbSqlite:203 - Set database path to: C:\Users\Mediatek\.stmcufinder\plugins\mcufinder//mcu/cs/
2025-03-17 22:44:20,690 [INFO] ApplicationProperties:184 - Using Application install path: C:\ST\STM32CubeIDE_1.13.0\STM32CubeIDE\plugins\com.st.stm32cube.common.mx_6.9.0.202307051724
2025-03-17 22:44:20,692 [INFO] PluginManage:196 - Search for loadable plugins [exclusion list=, ]
2025-03-17 22:44:20,696 [INFO] PluginManage:310 - Check plugin analytics
2025-03-17 22:44:25,723 [INFO] AnalyticsPlugin:253 - Accepted Software Licenses: 
2025-03-17 22:44:25,724 [INFO] AnalyticsPlugin:255 - Accepted CMSIS Pack Licenses: 
2025-03-17 22:44:25,724 [INFO] AnalyticsPlugin:257 - Accepted Firmware Licenses: 
2025-03-17 22:44:25,729 [INFO] PluginManage:359 - Loaded plugin analytics (category:tool,tabindex:-1)
2025-03-17 22:44:25,730 [INFO] PluginManage:310 - Check plugin cadmodel
2025-03-17 22:44:25,746 [INFO] CADModel:105 - Init CAD model plugin
2025-03-17 22:44:25,746 [INFO] PluginManage:359 - Loaded plugin cadmodel (category:power,tabindex:5)
2025-03-17 22:44:25,747 [INFO] PluginManage:310 - Check plugin clock
2025-03-17 22:44:25,769 [INFO] PluginManage:359 - Loaded plugin clock (category:base,tabindex:2)
2025-03-17 22:44:25,769 [INFO] PluginManage:310 - Check plugin ddr
2025-03-17 22:44:25,773 [INFO] PluginManage:359 - Loaded plugin ddr (category:tool,tabindex:6)
2025-03-17 22:44:25,774 [INFO] PluginManage:310 - Check plugin filemanager
2025-03-17 22:44:26,011 [INFO] PluginManage:359 - Loaded plugin filemanager (category:base,tabindex:10)
2025-03-17 22:44:26,012 [INFO] PluginManage:310 - Check plugin ipmanager
2025-03-17 22:44:26,024 [INFO] PluginManage:359 - Loaded plugin ipmanager (category:base,tabindex:5)
2025-03-17 22:44:26,024 [INFO] PluginManage:310 - Check plugin lpbam
2025-03-17 22:44:26,039 [INFO] PluginManage:359 - Loaded plugin lpbam (category:base,tabindex:0)
2025-03-17 22:44:26,040 [INFO] PluginManage:310 - Check plugin memorymap
2025-03-17 22:44:26,125 [INFO] PluginManage:359 - Loaded plugin memorymap (category:base,tabindex:4)
2025-03-17 22:44:26,126 [INFO] PluginManage:310 - Check plugin pinoutandconfiguration
2025-03-17 22:44:26,165 [INFO] PluginManage:359 - Loaded plugin pinoutandconfiguration (category:base,tabindex:1)
2025-03-17 22:44:26,165 [INFO] PluginManage:310 - Check plugin pinoutconfig
2025-03-17 22:44:26,307 [WARN] SupportedApi:132 - Cannot load RTOS API schema: s4s-elt-must-match.1: The content of 'definitions' must match (annotation?, (simpleType | complexType)?, (unique | key | keyref)*)). A problem was found starting at: attribute.
2025-03-17 22:44:26,554 [INFO] PluginManage:359 - Loaded plugin pinoutconfig (category:base,tabindex:0)
2025-03-17 22:44:26,555 [INFO] PluginManage:310 - Check plugin power
2025-03-17 22:44:26,589 [INFO] PluginManage:359 - Loaded plugin power (category:power,tabindex:4)
2025-03-17 22:44:26,589 [INFO] PluginManage:310 - Check plugin projectmanager
2025-03-17 22:44:26,618 [INFO] PluginManage:359 - Loaded plugin projectmanager (category:projectmanager,tabindex:3)
2025-03-17 22:44:26,619 [INFO] PluginManage:310 - Check plugin thirdparty
2025-03-17 22:44:27,032 [INFO] PluginManage:359 - Loaded plugin thirdparty (category:base,tabindex:-1)
2025-03-17 22:44:27,032 [INFO] PluginManage:310 - Check plugin tools
2025-03-17 22:44:27,032 [WARN] IntegrityCheckThread:84 - waiting for thirdparty lock release [integrity check]
2025-03-17 22:44:27,033 [INFO] IntegrityCheckThread:86 - entering critical section [integrity check]
2025-03-17 22:44:27,034 [INFO] ThirdPartyUpdaterWithRetryManager:70 - Updater plugin not ready yet. [1/15]
2025-03-17 22:44:27,039 [INFO] PluginManage:359 - Loaded plugin tools (category:base,tabindex:7)
2025-03-17 22:44:27,039 [INFO] PluginManage:310 - Check plugin tutovideos
2025-03-17 22:44:27,351 [INFO] PluginManage:359 - Loaded plugin tutovideos (category:base,tabindex:-1)
2025-03-17 22:44:27,351 [INFO] PluginManage:310 - Check plugin updater
2025-03-17 22:44:27,370 [INFO] PluginManage:359 - Loaded plugin updater (category:base,tabindex:12)
2025-03-17 22:44:27,370 [INFO] PluginManage:310 - Check plugin userauth
2025-03-17 22:44:27,380 [INFO] UserAuth:113 - Init User Auth plugin
2025-03-17 22:44:27,380 [INFO] PluginManage:359 - Loaded plugin userauth (category:base,tabindex:14)
2025-03-17 22:44:27,381 [INFO] PluginManage:283 - PluginManage : Loaded plugins [17]
2025-03-17 22:44:27,766 [INFO] PinOutPanel:1499 - setPackage(No Configuration,No Configuration)
2025-03-17 22:44:27,936 [INFO] CADModel:165 - CPN selected for project level
2025-03-17 22:44:27,936 [INFO] CADModel:114 - Register for checkConnection events
2025-03-17 22:44:27,958 [INFO] IPUIPlugin:80 - create IPUIPlugin
2025-03-17 22:44:27,959 [INFO] PluginManager:220 - loadIPPluginJar : add adc
2025-03-17 22:44:27,962 [INFO] IPUIPlugin:80 - create IPUIPlugin
2025-03-17 22:44:27,962 [INFO] PluginManager:220 - loadIPPluginJar : add aes
2025-03-17 22:44:27,965 [INFO] IPUIPlugin:80 - create IPUIPlugin
2025-03-17 22:44:27,966 [INFO] PluginManager:220 - loadIPPluginJar : add can
2025-03-17 22:44:27,968 [INFO] IPUIPlugin:80 - create IPUIPlugin
2025-03-17 22:44:27,968 [INFO] PluginManager:220 - loadIPPluginJar : add comp
2025-03-17 22:44:27,972 [INFO] IPUIPlugin:80 - create IPUIPlugin
2025-03-17 22:44:27,972 [INFO] PluginManager:220 - loadIPPluginJar : add cryp
2025-03-17 22:44:27,975 [INFO] IPUIPlugin:80 - create IPUIPlugin
2025-03-17 22:44:27,975 [INFO] PluginManager:220 - loadIPPluginJar : add dfsdm
2025-03-17 22:44:27,982 [INFO] IPUIPlugin:80 - create IPUIPlugin
2025-03-17 22:44:27,983 [INFO] PluginManager:220 - loadIPPluginJar : add dma
2025-03-17 22:44:27,988 [INFO] IPUIPlugin:80 - create IPUIPlugin
2025-03-17 22:44:27,988 [INFO] PluginManager:220 - loadIPPluginJar : add dma3
2025-03-17 22:44:27,990 [INFO] IPUIPlugin:80 - create IPUIPlugin
2025-03-17 22:44:27,991 [INFO] PluginManager:220 - loadIPPluginJar : add fatfs
2025-03-17 22:44:27,996 [INFO] IPUIPlugin:80 - create IPUIPlugin
2025-03-17 22:44:27,996 [INFO] PluginManager:220 - loadIPPluginJar : add fmc
2025-03-17 22:44:28,018 [INFO] IPUIPlugin:80 - create IPUIPlugin
2025-03-17 22:44:28,018 [INFO] PluginManager:220 - loadIPPluginJar : add freertos
2025-03-17 22:44:28,022 [INFO] IPUIPlugin:80 - create IPUIPlugin
2025-03-17 22:44:28,022 [INFO] PluginManager:220 - loadIPPluginJar : add genericplugin
2025-03-17 22:44:28,031 [INFO] IPUIPlugin:80 - create IPUIPlugin
2025-03-17 22:44:28,031 [INFO] PluginManager:220 - loadIPPluginJar : add gfxmmu
2025-03-17 22:44:28,040 [INFO] IPUIPlugin:80 - create IPUIPlugin
2025-03-17 22:44:28,040 [INFO] PluginManager:220 - loadIPPluginJar : add gic
2025-03-17 22:44:28,050 [INFO] IPUIPlugin:80 - create IPUIPlugin
2025-03-17 22:44:28,050 [INFO] PluginManager:220 - loadIPPluginJar : add gpio
2025-03-17 22:44:28,057 [INFO] IPUIPlugin:80 - create IPUIPlugin
2025-03-17 22:44:28,057 [INFO] PluginManager:220 - loadIPPluginJar : add gtzc
2025-03-17 22:44:28,062 [INFO] IPUIPlugin:80 - create IPUIPlugin
2025-03-17 22:44:28,062 [INFO] PluginManager:220 - loadIPPluginJar : add hash
2025-03-17 22:44:28,066 [INFO] IPUIPlugin:80 - create IPUIPlugin
2025-03-17 22:44:28,066 [INFO] PluginManager:220 - loadIPPluginJar : add i2c
2025-03-17 22:44:28,070 [INFO] IPUIPlugin:80 - create IPUIPlugin
2025-03-17 22:44:28,070 [INFO] PluginManager:220 - loadIPPluginJar : add i2s
2025-03-17 22:44:28,074 [INFO] IPUIPlugin:80 - create IPUIPlugin
2025-03-17 22:44:28,074 [INFO] PluginManager:220 - loadIPPluginJar : add i3c
2025-03-17 22:44:28,079 [INFO] IPUIPlugin:80 - create IPUIPlugin
2025-03-17 22:44:28,079 [INFO] PluginManager:220 - loadIPPluginJar : add ipddr
2025-03-17 22:44:28,088 [INFO] IPUIPlugin:80 - create IPUIPlugin
2025-03-17 22:44:28,088 [INFO] PluginManager:220 - loadIPPluginJar : add linkedlist
2025-03-17 22:44:28,093 [INFO] IPUIPlugin:80 - create IPUIPlugin
2025-03-17 22:44:28,093 [INFO] PluginManager:220 - loadIPPluginJar : add lorawan
2025-03-17 22:44:28,096 [INFO] IPUIPlugin:80 - create IPUIPlugin
2025-03-17 22:44:28,096 [INFO] PluginManager:220 - loadIPPluginJar : add ltdc
2025-03-17 22:44:28,109 [INFO] IPUIPlugin:80 - create IPUIPlugin
2025-03-17 22:44:28,109 [INFO] PluginManager:220 - loadIPPluginJar : add mdma
2025-03-17 22:44:28,114 [INFO] IPUIPlugin:80 - create IPUIPlugin
2025-03-17 22:44:28,114 [INFO] PluginManager:220 - loadIPPluginJar : add nvic
2025-03-17 22:44:28,118 [INFO] IPUIPlugin:80 - create IPUIPlugin
2025-03-17 22:44:28,119 [INFO] PluginManager:220 - loadIPPluginJar : add opamp
2025-03-17 22:44:28,124 [INFO] IPUIPlugin:80 - create IPUIPlugin
2025-03-17 22:44:28,124 [INFO] PluginManager:220 - loadIPPluginJar : add openamp
2025-03-17 22:44:28,129 [INFO] IPUIPlugin:80 - create IPUIPlugin
2025-03-17 22:44:28,129 [INFO] PluginManager:220 - loadIPPluginJar : add pdm2pcm
2025-03-17 22:44:28,138 [INFO] IPUIPlugin:80 - create IPUIPlugin
2025-03-17 22:44:28,140 [INFO] PluginManager:220 - loadIPPluginJar : add plateformsettings
2025-03-17 22:44:28,142 [INFO] IPUIPlugin:80 - create IPUIPlugin
2025-03-17 22:44:28,142 [INFO] PluginManager:220 - loadIPPluginJar : add quadspi
2025-03-17 22:44:28,148 [INFO] IPUIPlugin:80 - create IPUIPlugin
2025-03-17 22:44:28,149 [INFO] PluginManager:220 - loadIPPluginJar : add resmgrutility
2025-03-17 22:44:28,153 [INFO] IPUIPlugin:80 - create IPUIPlugin
2025-03-17 22:44:28,153 [INFO] PluginManager:220 - loadIPPluginJar : add sai
2025-03-17 22:44:28,156 [INFO] IPUIPlugin:80 - create IPUIPlugin
2025-03-17 22:44:28,156 [INFO] PluginManager:220 - loadIPPluginJar : add spi
2025-03-17 22:44:28,163 [INFO] IPUIPlugin:80 - create IPUIPlugin
2025-03-17 22:44:28,163 [INFO] PluginManager:220 - loadIPPluginJar : add stm32_wpan
2025-03-17 22:44:28,166 [INFO] IPUIPlugin:80 - create IPUIPlugin
2025-03-17 22:44:28,166 [INFO] PluginManager:220 - loadIPPluginJar : add tim
2025-03-17 22:44:28,169 [INFO] IPUIPlugin:80 - create IPUIPlugin
2025-03-17 22:44:28,169 [INFO] PluginManager:220 - loadIPPluginJar : add touchsensing
2025-03-17 22:44:28,172 [INFO] IPUIPlugin:80 - create IPUIPlugin
2025-03-17 22:44:28,172 [INFO] PluginManager:220 - loadIPPluginJar : add tracer_emb
2025-03-17 22:44:28,175 [INFO] IPUIPlugin:80 - create IPUIPlugin
2025-03-17 22:44:28,175 [INFO] PluginManager:220 - loadIPPluginJar : add ts
2025-03-17 22:44:28,178 [INFO] IPUIPlugin:80 - create IPUIPlugin
2025-03-17 22:44:28,178 [INFO] PluginManager:220 - loadIPPluginJar : add tsc
2025-03-17 22:44:28,180 [INFO] IPUIPlugin:80 - create IPUIPlugin
2025-03-17 22:44:28,180 [INFO] PluginManager:220 - loadIPPluginJar : add ucpd
2025-03-17 22:44:28,183 [INFO] IPUIPlugin:80 - create IPUIPlugin
2025-03-17 22:44:28,183 [INFO] PluginManager:220 - loadIPPluginJar : add usart
2025-03-17 22:44:28,186 [INFO] IPUIPlugin:80 - create IPUIPlugin
2025-03-17 22:44:28,187 [INFO] PluginManager:220 - loadIPPluginJar : add usbx
2025-03-17 22:44:28,355 [INFO] CADModel:165 - CPN selected for project level
2025-03-17 22:44:28,356 [INFO] CADModel:114 - Register for checkConnection events
2025-03-17 22:44:28,358 [FATAL] Updater:308 - Updater called before beeing initialized
2025-03-17 22:44:28,360 [ERROR] CADModel:125 - Updater not yet initialized, retry later 
2025-03-17 22:44:28,582 [INFO] CADModel:165 - CPN selected for project level
2025-03-17 22:44:28,582 [INFO] CADModel:114 - Register for checkConnection events
2025-03-17 22:44:28,582 [FATAL] Updater:308 - Updater called before beeing initialized
2025-03-17 22:44:28,583 [ERROR] CADModel:125 - Updater not yet initialized, retry later 
2025-03-17 22:44:28,588 [FATAL] Updater:308 - Updater called before beeing initialized
2025-03-17 22:44:28,791 [FATAL] Updater:308 - Updater called before beeing initialized
2025-03-17 22:44:28,801 [INFO] DbMcusAds:53 - JSON generation date=Thu Mar 06 15:54:21 CET 2025 (1741272861825)
2025-03-17 22:44:28,802 [FATAL] Updater:308 - Updater called before beeing initialized
2025-03-17 22:44:28,913 [WARN] DetailPanel:346 - Failed to get advertising image, set to default
2025-03-17 22:44:29,051 [FATAL] Updater:308 - Updater called before beeing initialized
2025-03-17 22:44:29,054 [FATAL] Updater:308 - Updater called before beeing initialized
2025-03-17 22:44:29,054 [FATAL] Updater:308 - Updater called before beeing initialized
2025-03-17 22:44:29,054 [WARN] DetailPanel:346 - Failed to get advertising image, set to default
2025-03-17 22:44:29,055 [FATAL] Updater:308 - Updater called before beeing initialized
2025-03-17 22:44:29,212 [ERROR] Updater:1120 - MainUpdater not yet initialized. External WinMGr cannot be set.
2025-03-17 22:44:29,216 [INFO] Updater:1056 - Updater Version found : 6.9.0
2025-03-17 22:44:29,237 [INFO] ApplicationProperties:184 - Using Application install path: C:\ST\STM32CubeIDE_1.13.0\STM32CubeIDE\plugins\com.st.stm32cube.common.mx_6.9.0.202307051724
2025-03-17 22:44:30,036 [INFO] ThirdPartyUpdaterWithRetryManager:70 - Updater plugin not ready yet. [2/15]
2025-03-17 22:44:30,204 [INFO] MainUpdater:2868 - connection check result : 10
2025-03-17 22:44:30,205 [INFO] MainUpdater:285 - Updater Check For Update Now.
2025-03-17 22:44:30,206 [INFO] MicroXplorer:498 - Change Database Version : DB.6.0.90
2025-03-17 22:44:30,218 [INFO] McuFinderGlobals:63 - Set McuFinder mode to 2 (CubeIDE integrated)
2025-03-17 22:44:30,504 [INFO] CheckServerUpdateThread:120 - End of CheckServer Thread
2025-03-17 22:44:33,463 [WARN] PackLoader:240 - Cannot read IP mode file for STMicroelectronics.FP-SNS-MOTENVWB1.1.4.0
2025-03-17 22:44:33,478 [WARN] PackLoader:240 - Cannot read IP mode file for STMicroelectronics.FP-ATR-ASTRA1.2.0.2
2025-03-17 22:44:33,483 [WARN] PackLoader:240 - Cannot read IP mode file for STMicroelectronics.FP-ATR-ASTRA1.2.0.1
2025-03-17 22:44:33,496 [WARN] PackLoader:240 - Cannot read IP mode file for STMicroelectronics.X-CUBE-SMBUS.2.1.0
2025-03-17 22:44:33,511 [WARN] PackLoader:240 - Cannot read IP mode file for STMicroelectronics.X-CUBE-WB05N.1.1.0
2025-03-17 22:44:33,568 [WARN] PackLoader:240 - Cannot read IP mode file for STMicroelectronics.X-CUBE-AZRTOS-F7.1.1.0
2025-03-17 22:44:33,588 [WARN] PackLoader:240 - Cannot read IP mode file for STMicroelectronics.FP-SNS-MOTENV1.4.3.2
2025-03-17 22:44:33,713 [WARN] PackLoader:240 - Cannot read IP mode file for STMicroelectronics.X-CUBE-MEMS1.11.0.0
2025-03-17 22:44:34,064 [WARN] PackLoader:240 - Cannot read IP mode file for STMicroelectronics.X-CUBE-BLE1.6.2.4
2025-03-17 22:44:34,070 [WARN] PackLoader:240 - Cannot read IP mode file for STMicroelectronics.FP-SNS-FLIGHT1.5.0.2
2025-03-17 22:44:34,081 [WARN] PackLoader:240 - Cannot read IP mode file for STMicroelectronics.X-CUBE-DISPLAY.3.0.0
2025-03-17 22:44:34,093 [WARN] PackLoader:240 - Cannot read IP mode file for STMicroelectronics.X-CUBE-BLE1.7.0.0
2025-03-17 22:44:34,109 [WARN] PackLoader:240 - Cannot read IP mode file for STMicroelectronics.X-CUBE-NFC10.1.0.0
2025-03-17 22:44:34,117 [ERROR] Engine:466 - C:\Users\Mediatek\.stm32cubemx\thirdparties\pdsc\STMicroelectronics.X-CUBE-BLEMGR.4.0.0.pdsc: PDSC version is not supported
2025-03-17 22:44:34,125 [WARN] PackLoader:240 - Cannot read IP mode file for emotas.I-CUBE-CANOPEN.1.3.0
2025-03-17 22:44:34,133 [WARN] PackLoader:240 - Cannot read IP mode file for STMicroelectronics.X-CUBE-TOUCHGFX.4.22.0
2025-03-17 22:44:34,137 [WARN] PackLoader:240 - Cannot read IP mode file for STMicroelectronics.X-CUBE-TOUCHGFX.4.22.1
2025-03-17 22:44:34,150 [WARN] PackLoader:240 - Cannot read IP mode file for STMicroelectronics.X-CUBE-BLEMGR.3.1.0
2025-03-17 22:44:34,158 [WARN] PackLoader:240 - Cannot read IP mode file for STMicroelectronics.X-CUBE-AI.10.0.0
2025-03-17 22:44:34,165 [WARN] PackLoader:240 - Cannot read IP mode file for STMicroelectronics.FP-SNS-SMARTAG2.1.2.0
2025-03-17 22:44:34,169 [ERROR] Engine:466 - C:\Users\Mediatek\.stm32cubemx\thirdparties\pdsc\STMicroelectronics.FP-SNS-FLIGHT1.5.1.0.pdsc: PDSC version is not supported
2025-03-17 22:44:34,257 [WARN] PackLoader:240 - Cannot read IP mode file for STMicroelectronics.X-CUBE-MEMS1.11.1.0
2025-03-17 22:44:34,541 [INFO] LogOutputStream:77 - [STDOUT_REDIRECT] 1 : Invalid condition id : UX_CORESTACK_Condition cause : null
2025-03-17 22:44:34,541 [INFO] LogOutputStream:77 - [STDOUT_REDIRECT] 1 : Invalid condition id : UX_CORESTACK_Condition cause : null
2025-03-17 22:44:34,544 [INFO] LogOutputStream:77 - [STDOUT_REDIRECT] 1 : Invalid condition id : UX_CORESTACK_Condition cause : null
2025-03-17 22:44:34,548 [INFO] LogOutputStream:77 - [STDOUT_REDIRECT] 1 : Invalid condition id : UX_CORESTACK_Condition cause : null
2025-03-17 22:44:34,550 [INFO] LogOutputStream:77 - [STDOUT_REDIRECT] 1 : Invalid condition id : UX_CORESTACK_Condition cause : null
2025-03-17 22:44:34,555 [WARN] PackLoader:240 - Cannot read IP mode file for STMicroelectronics.X-CUBE-AZRTOS-WL.2.0.0
2025-03-17 22:44:34,563 [WARN] PackLoader:240 - Cannot read IP mode file for STMicroelectronics.FP-SNS-MOTENV1.5.0.0
2025-03-17 22:44:34,571 [WARN] PackLoader:240 - Cannot read IP mode file for wolfSSL.I-CUBE-wolfMQTT.1.19.0
2025-03-17 22:44:34,586 [WARN] PackLoader:240 - Cannot read IP mode file for WES.I-CUBE-Cesium.1.3.0
2025-03-17 22:44:34,600 [WARN] PackLoader:240 - Cannot read IP mode file for STMicroelectronics.X-CUBE-BLE2.3.3.0
2025-03-17 22:44:34,617 [WARN] PackLoader:240 - Cannot read IP mode file for STMicroelectronics.X-CUBE-NFC9.1.0.0
2025-03-17 22:44:34,626 [WARN] PackLoader:240 - Cannot read IP mode file for STMicroelectronics.X-CUBE-BLE1.7.1.0
2025-03-17 22:44:34,632 [INFO] McuFinderGlobals:63 - Set McuFinder mode to 2 (CubeIDE integrated)
2025-03-17 22:44:34,634 [WARN] PackLoader:240 - Cannot read IP mode file for STMicroelectronics.X-CUBE-TCPP.4.1.0
2025-03-17 22:44:34,641 [INFO] MainUpdater:2868 - connection check result : 10
2025-03-17 22:44:34,644 [WARN] PackLoader:240 - Cannot read IP mode file for STMicroelectronics.X-CUBE-ALGOBUILD.1.3.0
2025-03-17 22:44:34,671 [WARN] PackLoader:240 - Cannot read IP mode file for STMicroelectronics.X-CUBE-AZRTOS-G0.1.1.0
2025-03-17 22:44:34,692 [WARN] PackLoader:240 - Cannot read IP mode file for STMicroelectronics.X-CUBE-SAFEA1.1.2.2
2025-03-17 22:44:34,703 [WARN] PackLoader:240 - Cannot read IP mode file for STMicroelectronics.X-CUBE-NFC4.3.0.0
2025-03-17 22:44:34,710 [ERROR] Engine:466 - C:\Users\Mediatek\.stm32cubemx\thirdparties\pdsc\EmbeddedOffice.I-CUBE-FS-RTOS.1.0.1.pdsc: PDSC version is not supported
2025-03-17 22:44:34,721 [WARN] PackLoader:240 - Cannot read IP mode file for STMicroelectronics.X-CUBE-BLEMGR.3.0.0
2025-03-17 22:44:34,758 [ERROR] Engine:466 - C:\Users\Mediatek\.stm32cubemx\thirdparties\pdsc\STMicroelectronics.X-CUBE-TCPP.4.2.0.pdsc: PDSC version is not supported
2025-03-17 22:44:34,766 [ERROR] Engine:466 - C:\Users\Mediatek\.stm32cubemx\thirdparties\pdsc\RealThread.X-CUBE-RT-Thread_Nano.4.1.1.pdsc: PDSC version is not supported
2025-03-17 22:44:34,777 [WARN] PackLoader:240 - Cannot read IP mode file for STMicroelectronics.FP-ATR-SIGFOX1.3.2.0
2025-03-17 22:44:34,781 [ERROR] Engine:466 - C:\Users\Mediatek\.stm32cubemx\thirdparties\pdsc\quantropi.X-CUBE-qispace-sdk-base.1.9.3.pdsc: PDSC version is not supported
2025-03-17 22:44:34,795 [WARN] PackLoader:240 - Cannot read IP mode file for STMicroelectronics.X-CUBE-EEPRMA1.5.1.0
2025-03-17 22:44:34,863 [WARN] PackLoader:240 - Cannot read IP mode file for SEGGER.I-CUBE-embOS.1.3.1
2025-03-17 22:44:35,078 [WARN] PackLoader:240 - Cannot read IP mode file for STMicroelectronics.X-CUBE-ALGOBUILD.1.4.0
2025-03-17 22:44:35,083 [WARN] PackLoader:240 - Cannot read IP mode file for STMicroelectronics.X-CUBE-AI.9.1.0
2025-03-17 22:44:35,093 [WARN] PackLoader:240 - Cannot read IP mode file for STMicroelectronics.X-CUBE-GNSS1.6.0.0
2025-03-17 22:44:35,127 [WARN] PackLoader:240 - Cannot read IP mode file for STMicroelectronics.X-CUBE-AZRTOS-F4.1.1.0
2025-03-17 22:44:35,156 [WARN] PackLoader:240 - Cannot read IP mode file for wolfSSL.I-CUBE-wolfSSL.5.6.3
2025-03-17 22:44:35,162 [WARN] PackLoader:240 - Cannot read IP mode file for STMicroelectronics.X-CUBE-ISPU.2.1.0
2025-03-17 22:44:35,171 [WARN] PackLoader:240 - Cannot read IP mode file for STMicroelectronics.X-CUBE-FREERTOS.1.2.0
2025-03-17 22:44:35,199 [WARN] PackLoader:240 - Cannot read IP mode file for STMicroelectronics.X-CUBE-AZRTOS-L5.2.0.0
2025-03-17 22:44:35,270 [WARN] PackLoader:240 - Cannot read IP mode file for STMicroelectronics.X-CUBE-MEMS1.9.6.0
2025-03-17 22:44:35,541 [WARN] PackLoader:240 - Cannot read IP mode file for STMicroelectronics.X-CUBE-EEPRMA1.4.2.0
2025-03-17 22:44:35,552 [WARN] PackLoader:240 - Cannot read IP mode file for STMicroelectronics.X-CUBE-NFC6.3.1.0
2025-03-17 22:44:35,563 [WARN] PackLoader:240 - Cannot read IP mode file for ITTIA_DB.I-CUBE-ITTIADB.8.8.0
2025-03-17 22:44:35,575 [WARN] PackLoader:240 - Cannot read IP mode file for STMicroelectronics.X-CUBE-BLEMGR.2.0.0
2025-03-17 22:44:35,582 [ERROR] Engine:466 - C:\Users\Mediatek\.stm32cubemx\thirdparties\pdsc\STMicroelectronics.X-CUBE-DPower.1.2.0.pdsc: PDSC version is not supported
2025-03-17 22:44:35,613 [WARN] ConditionMgr:438 - getConditionDescription Invalid condition id : UX DEVICE CLASS RTOS Condition cause : null
2025-03-17 22:44:35,613 [WARN] ConditionMgr:438 - getConditionDescription Invalid condition id : UX DEVICE CLASS RTOS Condition cause : null
2025-03-17 22:44:35,621 [WARN] PackLoader:240 - Cannot read IP mode file for STMicroelectronics.X-CUBE-AZRTOS-H7.3.1.0
2025-03-17 22:44:35,623 [WARN] ConditionMgr:1039 - genDependencies : Invalid condition id : UX DEVICE CLASS RTOS Condition cause : null
2025-03-17 22:44:35,624 [WARN] ConditionMgr:1039 - genDependencies : Invalid condition id : UX DEVICE CLASS RTOS Condition cause : null
2025-03-17 22:44:35,629 [WARN] ConditionMgr:1039 - genDependencies : Invalid condition id : UX DEVICE CLASS RTOS Condition cause : null
2025-03-17 22:44:35,630 [WARN] ConditionMgr:1039 - genDependencies : Invalid condition id : UX DEVICE CLASS RTOS Condition cause : null
2025-03-17 22:44:35,630 [WARN] ConditionMgr:1039 - genDependencies : Invalid condition id : UX DEVICE CLASS RTOS Condition cause : null
2025-03-17 22:44:35,640 [WARN] PackLoader:240 - Cannot read IP mode file for STMicroelectronics.X-CUBE-FREERTOS.1.3.0
2025-03-17 22:44:35,647 [WARN] PackLoader:240 - Cannot read IP mode file for STMicroelectronics.X-CUBE-NFC7.1.0.1
2025-03-17 22:44:35,660 [WARN] PackLoader:240 - Cannot read IP mode file for STMicroelectronics.X-CUBE-NFC6.3.0.0
2025-03-17 22:44:35,671 [WARN] PackLoader:240 - Cannot read IP mode file for STMicroelectronics.X-CUBE-EEPRMA1.4.1.0
2025-03-17 22:44:35,678 [WARN] PackLoader:240 - Cannot read IP mode file for STMicroelectronics.X-CUBE-AI.8.1.0
2025-03-17 22:44:35,717 [WARN] ConditionMgr:438 - getConditionDescription Invalid condition id : LAN8742 Phy interface Condition cause : null
2025-03-17 22:44:35,718 [WARN] PackLoader:240 - Cannot read IP mode file for STMicroelectronics.X-CUBE-AZRTOS-L4.2.0.0
2025-03-17 22:44:35,725 [WARN] ConditionMgr:1039 - genDependencies : Invalid condition id : LAN8742 Phy interface Condition cause : null
2025-03-17 22:44:35,725 [WARN] ConditionMgr:1039 - genDependencies : Invalid condition id : LAN8742 Phy interface Condition cause : null
2025-03-17 22:44:35,727 [WARN] ConditionMgr:1039 - genDependencies : Invalid condition id : LAN8742 Phy interface Condition cause : null
2025-03-17 22:44:35,739 [WARN] PackLoader:240 - Cannot read IP mode file for STMicroelectronics.X-CUBE-SFXS2LP1.4.0.0
2025-03-17 22:44:35,746 [WARN] PackLoader:240 - Cannot read IP mode file for STMicroelectronics.X-CUBE-ISPU.1.1.0
2025-03-17 22:44:35,782 [WARN] PackLoader:240 - Cannot read IP mode file for STMicroelectronics.X-CUBE-AZRTOS-H7.3.3.0
2025-03-17 22:44:35,797 [ERROR] Engine:466 - C:\Users\Mediatek\.stm32cubemx\thirdparties\pdsc\STMicroelectronics.X-CUBE-IPS.3.0.0.pdsc: PDSC version is not supported
2025-03-17 22:44:35,823 [WARN] ConditionMgr:438 - getConditionDescription Invalid condition id : UX DEVICE CLASS RTOS Condition cause : null
2025-03-17 22:44:35,823 [WARN] ConditionMgr:438 - getConditionDescription Invalid condition id : UX DEVICE CLASS RTOS Condition cause : null
2025-03-17 22:44:35,826 [WARN] PackLoader:240 - Cannot read IP mode file for STMicroelectronics.X-CUBE-AZRTOS-WB.2.0.0
2025-03-17 22:44:35,827 [WARN] ConditionMgr:1039 - genDependencies : Invalid condition id : UX DEVICE CLASS RTOS Condition cause : null
2025-03-17 22:44:35,828 [WARN] ConditionMgr:1039 - genDependencies : Invalid condition id : UX DEVICE CLASS RTOS Condition cause : null
2025-03-17 22:44:35,828 [WARN] ConditionMgr:1039 - genDependencies : Invalid condition id : UX DEVICE CLASS RTOS Condition cause : null
2025-03-17 22:44:35,829 [WARN] ConditionMgr:1039 - genDependencies : Invalid condition id : UX DEVICE CLASS RTOS Condition cause : null
2025-03-17 22:44:35,829 [WARN] ConditionMgr:1039 - genDependencies : Invalid condition id : UX DEVICE CLASS RTOS Condition cause : null
2025-03-17 22:44:35,837 [WARN] PackLoader:240 - Cannot read IP mode file for STMicroelectronics.X-CUBE-FREERTOS.1.0.1
2025-03-17 22:44:35,845 [WARN] PackLoader:240 - Cannot read IP mode file for STMicroelectronics.X-CUBE-GNSS1.7.0.0
2025-03-17 22:44:35,852 [WARN] PackLoader:240 - Cannot read IP mode file for STMicroelectronics.X-CUBE-GNSS1.7.0.1
2025-03-17 22:44:35,876 [WARN] PackLoader:240 - Cannot read IP mode file for STMicroelectronics.X-CUBE-TOUCHGFX.4.25.0
2025-03-17 22:44:35,880 [ERROR] Engine:466 - C:\Users\Mediatek\.stm32cubemx\thirdparties\pdsc\STMicroelectronics.FP-SNS-STBOX1.2.0.0.pdsc: PDSC version is not supported
2025-03-17 22:44:35,885 [WARN] PackLoader:240 - Cannot read IP mode file for STMicroelectronics.X-CUBE-AI.8.0.1
2025-03-17 22:44:35,901 [WARN] PackLoader:240 - Cannot read IP mode file for STMicroelectronics.X-CUBE-SUBG2.5.0.0
2025-03-17 22:44:35,949 [WARN] PackLoader:240 - Cannot read IP mode file for STMicroelectronics.X-CUBE-AZRTOS-H7RS.1.1.0
2025-03-17 22:44:35,962 [WARN] PackLoader:240 - Cannot read IP mode file for Cesanta.I-CUBE-Mongoose.7.13.0
2025-03-17 22:44:36,000 [WARN] PackLoader:240 - Cannot read IP mode file for STMicroelectronics.X-CUBE-TOF1.3.3.1
2025-03-17 22:44:36,063 [WARN] PackLoader:240 - Cannot read IP mode file for STMicroelectronics.X-CUBE-AZRTOS-G4.2.0.0
2025-03-17 22:44:36,086 [WARN] PackLoader:240 - Cannot read IP mode file for Infineon.AIROC-Wi-Fi-Bluetooth-STM32.1.5.1
2025-03-17 22:44:36,099 [WARN] PackLoader:240 - Cannot read IP mode file for STMicroelectronics.FP-SNS-MOTENVWB1.1.3.0
2025-03-17 22:44:36,113 [ERROR] Engine:466 - C:\Users\Mediatek\.stm32cubemx\thirdparties\pdsc\STMicroelectronics.X-CUBE-IPS.3.1.0.pdsc: PDSC version is not supported
2025-03-17 22:44:36,119 [WARN] PackLoader:240 - Cannot read IP mode file for STMicroelectronics.X-CUBE-ALS.1.0.2
2025-03-17 22:44:36,218 [WARN] PackLoader:240 - Cannot read IP mode file for STMicroelectronics.X-CUBE-MEMS1.10.0.0
2025-03-17 22:44:36,333 [INFO] ApiDb:581 - Connected to CubeFinder SQLite database (C:\Users\Mediatek\.stmcufinder\plugins\mcufinder\mcu\cube-finder-db.db)
2025-03-17 22:44:36,450 [WARN] PackLoader:240 - Cannot read IP mode file for STMicroelectronics.X-CUBE-FREERTOS.1.1.0
2025-03-17 22:44:36,458 [WARN] PackLoader:240 - Cannot read IP mode file for STMicroelectronics.X-CUBE-TOUCHGFX.4.24.2
2025-03-17 22:44:36,463 [WARN] PackLoader:240 - Cannot read IP mode file for STMicroelectronics.X-CUBE-TOUCHGFX.4.24.1
2025-03-17 22:44:36,468 [WARN] PackLoader:240 - Cannot read IP mode file for wolfSSL.I-CUBE-wolfTPM.3.4.0
2025-03-17 22:44:36,479 [WARN] PackLoader:240 - Cannot read IP mode file for portGmbH.I-Cube-SoM-uGOAL.1.1.0
2025-03-17 22:44:36,484 [WARN] PackLoader:240 - Cannot read IP mode file for STMicroelectronics.X-CUBE-ALS.1.0.1
2025-03-17 22:44:36,515 [WARN] PackLoader:240 - Cannot read IP mode file for STMicroelectronics.X-CUBE-AZRTOS-H7RS.1.0.0
2025-03-17 22:44:36,535 [WARN] PackLoader:240 - Cannot read IP mode file for STMicroelectronics.FP-ATR-ASTRA1.2.0.0
2025-03-17 22:44:36,547 [ERROR] Engine:466 - C:\Users\Mediatek\.stm32cubemx\thirdparties\pdsc\STMicroelectronics.X-CUBE-TOF1.3.4.2.pdsc: PDSC version is not supported
2025-03-17 22:44:36,552 [WARN] PackLoader:240 - Cannot read IP mode file for wolfSSL.I-CUBE-wolfSSH.1.4.17
2025-03-17 22:44:36,556 [INFO] ThirdParty:978 - Integrity check success = true
2025-03-17 22:44:36,556 [INFO] IntegrityCheckThread:100 - exiting critical section [integrity check]
2025-03-17 22:44:36,556 [INFO] IntegrityCheckThread:103 - End integrity checks thread
2025-03-17 22:44:36,638 [INFO] ApiDb:668 - CubeFinder database Data Model version=2.1
2025-03-17 22:44:36,639 [INFO] ApiDb:669 - CubeFinder database Configuration version=3.0.39
2025-03-17 22:44:36,639 [INFO] ApiDb:670 - CubeFinder database generation date=2025-03-07 (1741340029)
2025-03-17 22:44:36,640 [INFO] ApiDb:671 - CubeFinder database FW Pack versions=[FP-ATR-ASTRA1_V2.0.0, FP-SNS-FLIGHT1_V5.0.2, FP-SNS-MOTENV1_V5.0.0, FP-SNS-MOTENVWB1_V1.4.0, FP-SNS-SMARTAG2_V1.2.0, FP-SNS-STBOX1_V2.0.0, STM32Cube_FW_C0_V1.4.0, STM32Cube_FW_F4_V1.28.1, STM32Cube_FW_F7_V1.17.2, STM32Cube_FW_G0_V1.6.2, STM32Cube_FW_G4_V1.6.1, STM32Cube_FW_H5_V1.5.0, STM32Cube_FW_H7RS_V1.2.0, STM32Cube_FW_H7_V1.12.1, STM32Cube_FW_L0_V1.12.2, STM32Cube_FW_L4_V1.18.1, STM32Cube_FW_L5_V1.5.1, STM32Cube_FW_N6_V1.1.0, STM32Cube_FW_U0_V1.2.0, STM32Cube_FW_U3_V1.1.0, STM32Cube_FW_U5_V1.7.0, STM32Cube_FW_WB0_V1.2.0, STM32Cube_FW_WBA_V1.6.0, STM32Cube_FW_WB_V1.22.0, STM32Cube_FW_WL3_V1.1.0, STM32Cube_FW_WL_V1.3.1, X-CUBE-ALGOBUILD_V1.4.0, X-CUBE-ALS_V1.0.2, X-CUBE-AZRTOS-F4_V1.1.0, X-CUBE-AZRTOS-F7_V1.1.0, X-CUBE-AZRTOS-G0_V1.1.0, X-CUBE-AZRTOS-G4_V2.0.0, X-CUBE-AZRTOS-H7RS_V1.0.0, X-CUBE-AZRTOS-H7_V3.3.0, X-CUBE-AZRTOS-L4_V2.0.0, X-CUBE-AZRTOS-L5_V2.0.0, X-CUBE-AZRTOS-WB_V2.0.0, X-CUBE-AZRTOS-WL_V2.0.0, X-CUBE-BLE1_V7.1.0, X-CUBE-BLE2_V3.3.0, X-CUBE-BLEMGR_V4.0.0, X-CUBE-EEPRMA1_V5.1.0, X-CUBE-FREERTOS_V1.3.0, X-CUBE-GNSS1_V6.0.0, X-CUBE-MEMS1_V11.1.0, X-CUBE-NFC4_V3.0.0, X-CUBE-NFC7_V1.0.1, X-CUBE-SFXS2LP1_V4.0.0, X-CUBE-SUBG2_V5.0.0, X-CUBE-TOF1_V3.4.2]
2025-03-17 22:44:36,955 [INFO] DbBoardsSqlite:226 - include board P-NUCLEO-WB55-NUCLEO as a kit item of type 'Nucleo-64'
2025-03-17 22:44:36,956 [INFO] DbBoardsSqlite:226 - include board P-NUCLEO-WB55-USBDONGLE as a kit item of type 'Nucleo USB Dongle'
2025-03-17 22:44:36,959 [INFO] DbBoardsSqlite:226 - include board STEVAL-IDP005V1 as a kit item of type 'Evaluation Board'
2025-03-17 22:44:36,959 [INFO] DbBoardsSqlite:226 - include board STEVAL-IDP005V2 as a kit item of type 'Evaluation Board'
2025-03-17 22:44:37,836 [INFO] ApiDb:240 - Found 323 in-development CPN: [B-G473E-ZEST1S, B-WB1M-WPAN1, B-WL5M-SUBG1, NUCLEO-C031C6, NUCLEO-H503RB, NUCLEO-H563ZI, NUCLEO-U545RE-Q, NUCLEO-U5A5ZJ-Q, NUCLEO-WBA52CG, STEVAL-PROTEUS1, STEVAL-SMARTAG2, STEVAL-STWINBX1, STM320518-EVAL, STM32C0116-DK, STM32C011D6Y3TR, STM32C011D6Y6TR, STM32C011F4P3, STM32C011F4P6, STM32C011F4U3, STM32C011F4U6TR, STM32C011F6P3, STM32C011F6P6, STM32C011F6U3, STM32C011F6U6TR, STM32C011J4M3, STM32C011J4M6, STM32C011J6M3, STM32C011J6M6, STM32C0316-DK, STM32C031C4T3, STM32C031C4T6, STM32C031C4U3, STM32C031C4U6, STM32C031C6T3, STM32C031C6T6, STM32C031C6U3, STM32C031C6U6, STM32C031F4P3, STM32C031F4P6, STM32C031F6P3, STM32C031F6P6, STM32C031G4U3, STM32C031G4U6, STM32C031G6U3, STM32C031G6U6, STM32C031K4T3, STM32C031K4T6, STM32C031K4U3, STM32C031K4U6, STM32C031K6T3, STM32C031K6T6, STM32C031K6U3, STM32C031K6U6, STM32G071K8TXN, STM32G071K8UXN, STM32G081GBU6N, STM32G081KBT6N, STM32G081KBUXN, STM32G0B1CCT6N, STM32G0B1KCT6, STM32G0B1NEY6TR, STM32G0B1RCT6N, STM32G0C1CCT6, STM32G0C1CCT6N, STM32G0C1CCU6N, STM32G0C1CET6N, STM32G0C1CEU6N, STM32G0C1KCT6, STM32G0C1NEY6TR, STM32G0C1RCI6N, STM32G0C1RCT6N, STM32G0C1REI6N, STM32G0C1RET6N, STM32G0C1VCI6, STM32G0C1VEI6, STM32G471CCT6, STM32G471CCU6, STM32G471CET3, STM32G471CET6, STM32G471CEU3, STM32G471CEU6, STM32G471MCT6, STM32G471MET3, STM32G471MET6, STM32G471MEY6TR, STM32G471QCT6, STM32G471QET3, STM32G471RCT6, STM32G471RET3, STM32G471RET6, STM32G471VCH6, STM32G471VCI6, STM32G471VCT6, STM32G471VEH3, STM32G471VEH6, STM32G471VEI3, STM32G471VEI6, STM32G471VET3, STM32G471VET6, STM32G474CCT6, STM32H503CBT6, STM32H503CBU6, STM32H503EBY6TR, STM32H503KBU6, STM32H503RBT6, STM32H562AGI6, STM32H562AII6, STM32H562IGK6, STM32H562IGT6, STM32H562IIK6, STM32H562IIT6, STM32H562RGT6, STM32H562RGV6, STM32H562RIT6, STM32H562RIV6, STM32H562VGT6, STM32H562VIT6, STM32H562ZGT6, STM32H562ZIT6, STM32H563AGI6, STM32H563AII3Q, STM32H563AII6, STM32H563IGK6, STM32H563IGT6, STM32H563IIK3Q, STM32H563IIK6, STM32H563IIT3Q, STM32H563IIT6, STM32H563MIY3QTR, STM32H563RGT6, STM32H563RGV6, STM32H563RIT6, STM32H563RIV6, STM32H563VGT6, STM32H563VIT3Q, STM32H563VIT6, STM32H563ZGT6, STM32H563ZIT3Q, STM32H563ZIT6, STM32H573AII3Q, STM32H573AII6, STM32H573I-DK, STM32H573IIK3Q, STM32H573IIK6, STM32H573IIT3Q, STM32H573IIT6, STM32H573MIY3QTR, STM32H573RIT6, STM32H573RIV6, STM32H573VIT3Q, STM32H573VIT6, STM32H573ZIT3Q, STM32H573ZIT6, STM32L4R5QGI6STR, STM32MP131AAE3, STM32MP131AAF3, STM32MP131AAG3, STM32MP131CAE3, STM32MP131CAF3, STM32MP131CAG3, STM32MP131DAE7, STM32MP131DAF7, STM32MP131DAG7, STM32MP131FAE7, STM32MP131FAF7, STM32MP131FAG7, STM32MP133AAE3, STM32MP133AAF3, STM32MP133AAG3, STM32MP133CAE3, STM32MP133CAF3, STM32MP133CAG3, STM32MP133DAE7, STM32MP133DAF7, STM32MP133DAG7, STM32MP133FAE7, STM32MP133FAF7, STM32MP133FAG7, STM32MP135AAE3, STM32MP135AAF3, STM32MP135AAG3, STM32MP135CAE3, STM32MP135CAF3, STM32MP135CAG3, STM32MP135DAE7, STM32MP135DAF7, STM32MP135DAG7, STM32MP135F-DK, STM32MP135FAE7, STM32MP135FAF7, STM32MP135FAF7T, STM32MP135FAF7U, STM32MP135FAG7, STM32U535CBT6, STM32U535CBT6Q, STM32U535CBU6, STM32U535CBU6Q, STM32U535CCT6, STM32U535CCT6Q, STM32U535CCU6, STM32U535CCU6Q, STM32U535CET6, STM32U535CET6Q, STM32U535CEU6, STM32U535CEU6Q, STM32U535JEY6QTR, STM32U535NCY6QTR, STM32U535NEY6QTR, STM32U535RBI6, STM32U535RBI6Q, STM32U535RBT6, STM32U535RBT6Q, STM32U535RCI6, STM32U535RCI6Q, STM32U535RCT6, STM32U535RCT6Q, STM32U535REI6, STM32U535REI6Q, STM32U535RET6, STM32U535RET6Q, STM32U535VCI6, STM32U535VCI6Q, STM32U535VCT6, STM32U535VCT6Q, STM32U535VEI6, STM32U535VEI6Q, STM32U535VET6, STM32U535VET6Q, STM32U545CET6, STM32U545CET6Q, STM32U545CEU6, STM32U545CEU6Q, STM32U545JEY6QTR, STM32U545NEY6QTR, STM32U545REI6, STM32U545REI6Q, STM32U545RET6, STM32U545RET6Q, STM32U545VEI6, STM32U545VEI6Q, STM32U545VET6, STM32U545VET6Q, STM32U595AIH6, STM32U595AIH6Q, STM32U595AJH6, STM32U595AJH6Q, STM32U595QII6, STM32U595QII6Q, STM32U595QJI6, STM32U595QJI6Q, STM32U595RIT6, STM32U595RIT6Q, STM32U595RJT6, STM32U595RJT6Q, STM32U595VIT6, STM32U595VIT6Q, STM32U595VJT6, STM32U595VJT6Q, STM32U595ZIT6, STM32U595ZIT6Q, STM32U595ZIY6QTR, STM32U595ZJT6, STM32U595ZJT6Q, STM32U595ZJY6QTR, STM32U599BJY6QTR, STM32U599NIH6Q, STM32U599NJH6Q, STM32U599VIT6Q, STM32U599VJT6, STM32U599VJT6Q, STM32U599ZIT6Q, STM32U599ZIY6QTR, STM32U599ZJT6Q, STM32U599ZJY6QTR, STM32U5A5AJH6, STM32U5A5AJH6Q, STM32U5A5QJI6, STM32U5A5QJI6Q, STM32U5A5RJT6, STM32U5A5RJT6Q, STM32U5A5VJT6, STM32U5A5VJT6Q, STM32U5A5ZJT6, STM32U5A5ZJT6Q, STM32U5A5ZJY6QTR, STM32U5A9BJY6QTR, STM32U5A9J-DK, STM32U5A9NJH6Q, STM32U5A9VJT6Q, STM32U5A9ZJT6Q, STM32U5A9ZJY6QTR, STM32U5F7VIT6, STM32U5F7VIT6Q, STM32U5F7VJT6, STM32U5F7VJT6Q, STM32U5F9BJY6QTR, STM32U5F9NJH6Q, STM32U5F9VIT6Q, STM32U5F9VJT6Q, STM32U5F9ZIJ6QTR, STM32U5F9ZIT6Q, STM32U5F9ZJJ6QTR, STM32U5F9ZJT6Q, STM32U5G7VJT6, STM32U5G7VJT6Q, STM32U5G9BJY6QTR, STM32U5G9J-DK1, STM32U5G9J-DK2, STM32U5G9NJH6Q, STM32U5G9VJT6Q, STM32U5G9ZJJ6QTR, STM32U5G9ZJT6Q, STM32WB1MMCH6, STM32WBA52CEU6, STM32WBA52CEU6T, STM32WBA52CGU6, STM32WBA52CGU6T, STM32WBA52KEU6, STM32WBA52KEU6T, STM32WBA52KGU6, STM32WBA52KGU6T, STM32WL5MOCH6, STM32WL5MOCH6TR]
2025-03-17 22:44:37,840 [INFO] ApiDb:668 - CubeFinder database Data Model version=2.1
2025-03-17 22:44:37,840 [INFO] ApiDb:669 - CubeFinder database Configuration version=3.0.39
2025-03-17 22:44:37,840 [INFO] ApiDb:670 - CubeFinder database generation date=2025-03-07 (1741340029)
2025-03-17 22:44:37,840 [INFO] ApiDb:671 - CubeFinder database FW Pack versions=[FP-ATR-ASTRA1_V2.0.0, FP-SNS-FLIGHT1_V5.0.2, FP-SNS-MOTENV1_V5.0.0, FP-SNS-MOTENVWB1_V1.4.0, FP-SNS-SMARTAG2_V1.2.0, FP-SNS-STBOX1_V2.0.0, STM32Cube_FW_C0_V1.4.0, STM32Cube_FW_F4_V1.28.1, STM32Cube_FW_F7_V1.17.2, STM32Cube_FW_G0_V1.6.2, STM32Cube_FW_G4_V1.6.1, STM32Cube_FW_H5_V1.5.0, STM32Cube_FW_H7RS_V1.2.0, STM32Cube_FW_H7_V1.12.1, STM32Cube_FW_L0_V1.12.2, STM32Cube_FW_L4_V1.18.1, STM32Cube_FW_L5_V1.5.1, STM32Cube_FW_N6_V1.1.0, STM32Cube_FW_U0_V1.2.0, STM32Cube_FW_U3_V1.1.0, STM32Cube_FW_U5_V1.7.0, STM32Cube_FW_WB0_V1.2.0, STM32Cube_FW_WBA_V1.6.0, STM32Cube_FW_WB_V1.22.0, STM32Cube_FW_WL3_V1.1.0, STM32Cube_FW_WL_V1.3.1, X-CUBE-ALGOBUILD_V1.4.0, X-CUBE-ALS_V1.0.2, X-CUBE-AZRTOS-F4_V1.1.0, X-CUBE-AZRTOS-F7_V1.1.0, X-CUBE-AZRTOS-G0_V1.1.0, X-CUBE-AZRTOS-G4_V2.0.0, X-CUBE-AZRTOS-H7RS_V1.0.0, X-CUBE-AZRTOS-H7_V3.3.0, X-CUBE-AZRTOS-L4_V2.0.0, X-CUBE-AZRTOS-L5_V2.0.0, X-CUBE-AZRTOS-WB_V2.0.0, X-CUBE-AZRTOS-WL_V2.0.0, X-CUBE-BLE1_V7.1.0, X-CUBE-BLE2_V3.3.0, X-CUBE-BLEMGR_V4.0.0, X-CUBE-EEPRMA1_V5.1.0, X-CUBE-FREERTOS_V1.3.0, X-CUBE-GNSS1_V6.0.0, X-CUBE-MEMS1_V11.1.0, X-CUBE-NFC4_V3.0.0, X-CUBE-NFC7_V1.0.1, X-CUBE-SFXS2LP1_V4.0.0, X-CUBE-SUBG2_V5.0.0, X-CUBE-TOF1_V3.4.2]
2025-03-17 22:44:41,142 [INFO] ApiDb:240 - Found 323 in-development CPN: [B-G473E-ZEST1S, B-WB1M-WPAN1, B-WL5M-SUBG1, NUCLEO-C031C6, NUCLEO-H503RB, NUCLEO-H563ZI, NUCLEO-U545RE-Q, NUCLEO-U5A5ZJ-Q, NUCLEO-WBA52CG, STEVAL-PROTEUS1, STEVAL-SMARTAG2, STEVAL-STWINBX1, STM320518-EVAL, STM32C0116-DK, STM32C011D6Y3TR, STM32C011D6Y6TR, STM32C011F4P3, STM32C011F4P6, STM32C011F4U3, STM32C011F4U6TR, STM32C011F6P3, STM32C011F6P6, STM32C011F6U3, STM32C011F6U6TR, STM32C011J4M3, STM32C011J4M6, STM32C011J6M3, STM32C011J6M6, STM32C0316-DK, STM32C031C4T3, STM32C031C4T6, STM32C031C4U3, STM32C031C4U6, STM32C031C6T3, STM32C031C6T6, STM32C031C6U3, STM32C031C6U6, STM32C031F4P3, STM32C031F4P6, STM32C031F6P3, STM32C031F6P6, STM32C031G4U3, STM32C031G4U6, STM32C031G6U3, STM32C031G6U6, STM32C031K4T3, STM32C031K4T6, STM32C031K4U3, STM32C031K4U6, STM32C031K6T3, STM32C031K6T6, STM32C031K6U3, STM32C031K6U6, STM32G071K8TXN, STM32G071K8UXN, STM32G081GBU6N, STM32G081KBT6N, STM32G081KBUXN, STM32G0B1CCT6N, STM32G0B1KCT6, STM32G0B1NEY6TR, STM32G0B1RCT6N, STM32G0C1CCT6, STM32G0C1CCT6N, STM32G0C1CCU6N, STM32G0C1CET6N, STM32G0C1CEU6N, STM32G0C1KCT6, STM32G0C1NEY6TR, STM32G0C1RCI6N, STM32G0C1RCT6N, STM32G0C1REI6N, STM32G0C1RET6N, STM32G0C1VCI6, STM32G0C1VEI6, STM32G471CCT6, STM32G471CCU6, STM32G471CET3, STM32G471CET6, STM32G471CEU3, STM32G471CEU6, STM32G471MCT6, STM32G471MET3, STM32G471MET6, STM32G471MEY6TR, STM32G471QCT6, STM32G471QET3, STM32G471RCT6, STM32G471RET3, STM32G471RET6, STM32G471VCH6, STM32G471VCI6, STM32G471VCT6, STM32G471VEH3, STM32G471VEH6, STM32G471VEI3, STM32G471VEI6, STM32G471VET3, STM32G471VET6, STM32G474CCT6, STM32H503CBT6, STM32H503CBU6, STM32H503EBY6TR, STM32H503KBU6, STM32H503RBT6, STM32H562AGI6, STM32H562AII6, STM32H562IGK6, STM32H562IGT6, STM32H562IIK6, STM32H562IIT6, STM32H562RGT6, STM32H562RGV6, STM32H562RIT6, STM32H562RIV6, STM32H562VGT6, STM32H562VIT6, STM32H562ZGT6, STM32H562ZIT6, STM32H563AGI6, STM32H563AII3Q, STM32H563AII6, STM32H563IGK6, STM32H563IGT6, STM32H563IIK3Q, STM32H563IIK6, STM32H563IIT3Q, STM32H563IIT6, STM32H563MIY3QTR, STM32H563RGT6, STM32H563RGV6, STM32H563RIT6, STM32H563RIV6, STM32H563VGT6, STM32H563VIT3Q, STM32H563VIT6, STM32H563ZGT6, STM32H563ZIT3Q, STM32H563ZIT6, STM32H573AII3Q, STM32H573AII6, STM32H573I-DK, STM32H573IIK3Q, STM32H573IIK6, STM32H573IIT3Q, STM32H573IIT6, STM32H573MIY3QTR, STM32H573RIT6, STM32H573RIV6, STM32H573VIT3Q, STM32H573VIT6, STM32H573ZIT3Q, STM32H573ZIT6, STM32L4R5QGI6STR, STM32MP131AAE3, STM32MP131AAF3, STM32MP131AAG3, STM32MP131CAE3, STM32MP131CAF3, STM32MP131CAG3, STM32MP131DAE7, STM32MP131DAF7, STM32MP131DAG7, STM32MP131FAE7, STM32MP131FAF7, STM32MP131FAG7, STM32MP133AAE3, STM32MP133AAF3, STM32MP133AAG3, STM32MP133CAE3, STM32MP133CAF3, STM32MP133CAG3, STM32MP133DAE7, STM32MP133DAF7, STM32MP133DAG7, STM32MP133FAE7, STM32MP133FAF7, STM32MP133FAG7, STM32MP135AAE3, STM32MP135AAF3, STM32MP135AAG3, STM32MP135CAE3, STM32MP135CAF3, STM32MP135CAG3, STM32MP135DAE7, STM32MP135DAF7, STM32MP135DAG7, STM32MP135F-DK, STM32MP135FAE7, STM32MP135FAF7, STM32MP135FAF7T, STM32MP135FAF7U, STM32MP135FAG7, STM32U535CBT6, STM32U535CBT6Q, STM32U535CBU6, STM32U535CBU6Q, STM32U535CCT6, STM32U535CCT6Q, STM32U535CCU6, STM32U535CCU6Q, STM32U535CET6, STM32U535CET6Q, STM32U535CEU6, STM32U535CEU6Q, STM32U535JEY6QTR, STM32U535NCY6QTR, STM32U535NEY6QTR, STM32U535RBI6, STM32U535RBI6Q, STM32U535RBT6, STM32U535RBT6Q, STM32U535RCI6, STM32U535RCI6Q, STM32U535RCT6, STM32U535RCT6Q, STM32U535REI6, STM32U535REI6Q, STM32U535RET6, STM32U535RET6Q, STM32U535VCI6, STM32U535VCI6Q, STM32U535VCT6, STM32U535VCT6Q, STM32U535VEI6, STM32U535VEI6Q, STM32U535VET6, STM32U535VET6Q, STM32U545CET6, STM32U545CET6Q, STM32U545CEU6, STM32U545CEU6Q, STM32U545JEY6QTR, STM32U545NEY6QTR, STM32U545REI6, STM32U545REI6Q, STM32U545RET6, STM32U545RET6Q, STM32U545VEI6, STM32U545VEI6Q, STM32U545VET6, STM32U545VET6Q, STM32U595AIH6, STM32U595AIH6Q, STM32U595AJH6, STM32U595AJH6Q, STM32U595QII6, STM32U595QII6Q, STM32U595QJI6, STM32U595QJI6Q, STM32U595RIT6, STM32U595RIT6Q, STM32U595RJT6, STM32U595RJT6Q, STM32U595VIT6, STM32U595VIT6Q, STM32U595VJT6, STM32U595VJT6Q, STM32U595ZIT6, STM32U595ZIT6Q, STM32U595ZIY6QTR, STM32U595ZJT6, STM32U595ZJT6Q, STM32U595ZJY6QTR, STM32U599BJY6QTR, STM32U599NIH6Q, STM32U599NJH6Q, STM32U599VIT6Q, STM32U599VJT6, STM32U599VJT6Q, STM32U599ZIT6Q, STM32U599ZIY6QTR, STM32U599ZJT6Q, STM32U599ZJY6QTR, STM32U5A5AJH6, STM32U5A5AJH6Q, STM32U5A5QJI6, STM32U5A5QJI6Q, STM32U5A5RJT6, STM32U5A5RJT6Q, STM32U5A5VJT6, STM32U5A5VJT6Q, STM32U5A5ZJT6, STM32U5A5ZJT6Q, STM32U5A5ZJY6QTR, STM32U5A9BJY6QTR, STM32U5A9J-DK, STM32U5A9NJH6Q, STM32U5A9VJT6Q, STM32U5A9ZJT6Q, STM32U5A9ZJY6QTR, STM32U5F7VIT6, STM32U5F7VIT6Q, STM32U5F7VJT6, STM32U5F7VJT6Q, STM32U5F9BJY6QTR, STM32U5F9NJH6Q, STM32U5F9VIT6Q, STM32U5F9VJT6Q, STM32U5F9ZIJ6QTR, STM32U5F9ZIT6Q, STM32U5F9ZJJ6QTR, STM32U5F9ZJT6Q, STM32U5G7VJT6, STM32U5G7VJT6Q, STM32U5G9BJY6QTR, STM32U5G9J-DK1, STM32U5G9J-DK2, STM32U5G9NJH6Q, STM32U5G9VJT6Q, STM32U5G9ZJJ6QTR, STM32U5G9ZJT6Q, STM32WB1MMCH6, STM32WBA52CEU6, STM32WBA52CEU6T, STM32WBA52CGU6, STM32WBA52CGU6T, STM32WBA52KEU6, STM32WBA52KEU6T, STM32WBA52KGU6, STM32WBA52KGU6T, STM32WL5MOCH6, STM32WL5MOCH6TR]
2025-03-17 22:44:41,149 [INFO] DbMcus:217 - Found 4593 MCUs, 4593 are supported
2025-03-17 22:44:41,153 [INFO] ApiDb:423 - Load user favorites file C:\Users\Mediatek/.stm32cubeide/favorites.mcus.txt: 1 item(s)
2025-03-17 22:44:41,153 [INFO] ApiDb:427 - User favorites MCUs=[STM32L476RGT3]
2025-03-17 22:44:41,154 [INFO] DbMcus:223 - Set 1 / 1 favorites MCUs
2025-03-17 22:44:41,950 [INFO] BoardInfo:880 - No configuration file found for board NUCLEO-C051C8
2025-03-17 22:44:41,950 [INFO] DbBoards:157 - Board is not supported: NUCLEO-C051C8
2025-03-17 22:44:41,952 [INFO] BoardInfo:880 - No configuration file found for board NUCLEO-C071RB
2025-03-17 22:44:41,953 [INFO] DbBoards:157 - Board is not supported: NUCLEO-C071RB
2025-03-17 22:44:41,955 [INFO] BoardInfo:880 - No configuration file found for board NUCLEO-C092RC
2025-03-17 22:44:41,955 [INFO] DbBoards:157 - Board is not supported: NUCLEO-C092RC
2025-03-17 22:44:42,016 [INFO] BoardInfo:880 - No configuration file found for board NUCLEO-H533RE
2025-03-17 22:44:42,016 [INFO] DbBoards:157 - Board is not supported: NUCLEO-H533RE
2025-03-17 22:44:42,029 [INFO] BoardInfo:880 - No configuration file found for board NUCLEO-H7S3L8
2025-03-17 22:44:42,029 [INFO] DbBoards:157 - Board is not supported: NUCLEO-H7S3L8
2025-03-17 22:44:42,059 [INFO] BoardInfo:880 - No configuration file found for board NUCLEO-N657X0-Q
2025-03-17 22:44:42,059 [INFO] DbBoards:157 - Board is not supported: NUCLEO-N657X0-Q
2025-03-17 22:44:42,060 [INFO] BoardInfo:880 - No configuration file found for board NUCLEO-U031R8
2025-03-17 22:44:42,060 [INFO] DbBoards:157 - Board is not supported: NUCLEO-U031R8
2025-03-17 22:44:42,062 [INFO] BoardInfo:880 - No configuration file found for board NUCLEO-U083RC
2025-03-17 22:44:42,062 [INFO] DbBoards:157 - Board is not supported: NUCLEO-U083RC
2025-03-17 22:44:42,067 [INFO] BoardInfo:880 - No configuration file found for board NUCLEO-WB05KZ
2025-03-17 22:44:42,067 [INFO] DbBoards:157 - Board is not supported: NUCLEO-WB05KZ
2025-03-17 22:44:42,068 [INFO] BoardInfo:880 - No configuration file found for board NUCLEO-WB07CC
2025-03-17 22:44:42,068 [INFO] DbBoards:157 - Board is not supported: NUCLEO-WB07CC
2025-03-17 22:44:42,072 [INFO] BoardInfo:880 - No configuration file found for board NUCLEO-WB09KE
2025-03-17 22:44:42,072 [INFO] DbBoards:157 - Board is not supported: NUCLEO-WB09KE
2025-03-17 22:44:42,078 [INFO] BoardInfo:880 - No configuration file found for board NUCLEO-WBA55CG
2025-03-17 22:44:42,078 [INFO] DbBoards:157 - Board is not supported: NUCLEO-WBA55CG
2025-03-17 22:44:42,079 [INFO] BoardInfo:880 - No configuration file found for board NUCLEO-WBA65RI
2025-03-17 22:44:42,079 [INFO] DbBoards:157 - Board is not supported: NUCLEO-WBA65RI
2025-03-17 22:44:42,081 [INFO] BoardInfo:880 - No configuration file found for board NUCLEO-WL33CC1
2025-03-17 22:44:42,081 [INFO] DbBoards:157 - Board is not supported: NUCLEO-WL33CC1
2025-03-17 22:44:42,083 [INFO] BoardInfo:880 - No configuration file found for board NUCLEO-WL33CC2
2025-03-17 22:44:42,083 [INFO] DbBoards:157 - Board is not supported: NUCLEO-WL33CC2
2025-03-17 22:44:42,095 [INFO] BoardInfo:880 - No configuration file found for board P-NUCLEO-WB55
2025-03-17 22:44:42,095 [INFO] DbBoards:157 - Kit is not supported: P-NUCLEO-WB55
2025-03-17 22:44:42,105 [INFO] BoardInfo:880 - No configuration file found for board STEVAL-BFA001V1B
2025-03-17 22:44:42,105 [INFO] DbBoards:157 - Kit is not supported: STEVAL-BFA001V1B
2025-03-17 22:44:42,108 [INFO] BoardInfo:880 - No configuration file found for board STEVAL-BFA001V2B
2025-03-17 22:44:42,108 [INFO] DbBoards:157 - Kit is not supported: STEVAL-BFA001V2B
2025-03-17 22:44:42,115 [INFO] BoardInfo:880 - No configuration file found for board STEVAL-MKBOXPRO
2025-03-17 22:44:42,115 [INFO] DbBoards:157 - Board is not supported: STEVAL-MKBOXPRO
2025-03-17 22:44:42,236 [INFO] BoardInfo:880 - No configuration file found for board STM32H7S78-DK
2025-03-17 22:44:42,236 [INFO] DbBoards:157 - Board is not supported: STM32H7S78-DK
2025-03-17 22:44:42,270 [INFO] BoardInfo:880 - No configuration file found for board STM32MP257F-DK
2025-03-17 22:44:42,270 [INFO] DbBoards:157 - Board is not supported: STM32MP257F-DK
2025-03-17 22:44:42,272 [INFO] BoardInfo:880 - No configuration file found for board STM32MP257F-EV1
2025-03-17 22:44:42,272 [INFO] DbBoards:157 - Board is not supported: STM32MP257F-EV1
2025-03-17 22:44:42,273 [INFO] BoardInfo:880 - No configuration file found for board STM32N6570-DK
2025-03-17 22:44:42,273 [INFO] DbBoards:157 - Board is not supported: STM32N6570-DK
2025-03-17 22:44:42,275 [INFO] BoardInfo:880 - No configuration file found for board STM32U083C-DK
2025-03-17 22:44:42,275 [INFO] DbBoards:157 - Board is not supported: STM32U083C-DK
2025-03-17 22:44:42,284 [INFO] BoardInfo:880 - No configuration file found for board STM32WBA55G-DK1
2025-03-17 22:44:42,284 [INFO] DbBoards:157 - Board is not supported: STM32WBA55G-DK1
2025-03-17 22:44:42,302 [INFO] BoardInfo:880 - No configuration file found for board STM32WBA65I-DK1
2025-03-17 22:44:42,302 [INFO] DbBoards:157 - Board is not supported: STM32WBA65I-DK1
2025-03-17 22:44:42,303 [INFO] DbBoards:161 - Found 209 boards, 183 are supported
2025-03-17 22:44:42,306 [INFO] ApiDb:423 - Load user favorites file C:\Users\Mediatek/.stm32cubeide/favorites.boards.txt: 0 item(s)
2025-03-17 22:44:42,306 [INFO] ApiDb:427 - User favorites Boards=[]
2025-03-17 22:44:42,306 [INFO] DbBoards:190 - Set 0 / 0 favorites Boards
2025-03-17 22:44:42,307 [INFO] McuFinderGlobals:76 - Set McuFinderConnectedMode to true
2025-03-17 22:44:42,319 [INFO] MultiScanPanel:200 - Auto-refresh data requested => check proxy status ongoing
2025-03-17 22:44:42,325 [INFO] FinderPluginLoader:95 - Searching for filters in installed packs
2025-03-17 22:44:44,424 [INFO] LoadUrlFilesThread:185 - End of LoadServerUrlFiles without Thread
2025-03-17 22:44:44,514 [INFO] DetailPanel:341 - Set advertising image to C:/Users/Mediatek/STM32Cube/Repository/\en.prom-stm32u3-mcu-finder.jpg
2025-03-17 22:44:51,495 [ERROR] LogOutputStream:75 - [STDERR_REDIRECT] SLF4J: Failed to load class "org.slf4j.impl.StaticLoggerBinder".
2025-03-17 22:44:51,496 [ERROR] LogOutputStream:75 - [STDERR_REDIRECT] SLF4J: Defaulting to no-operation (NOP) logger implementation
2025-03-17 22:44:51,499 [ERROR] LogOutputStream:75 - [STDERR_REDIRECT] SLF4J: See http://www.slf4j.org/codes.html#StaticLoggerBinder for further details.
2025-03-17 22:45:59,865 [INFO] MainUpdater:2868 - connection check result : 10
2025-03-17 22:45:59,865 [INFO] MainUpdater:2868 - connection check result : 10
2025-03-17 22:45:59,895 [INFO] MicroXplorer:468 - Change Database Path : 
2025-03-17 22:45:59,895 [INFO] MicroXplorer:498 - Change Database Version : DB.6.0.90
2025-03-17 22:45:59,902 [WARN] ThirdParty:871 - waiting for thirdparty lock release [close project]
2025-03-17 22:45:59,902 [INFO] ThirdParty:873 - entering critical section [close project]
2025-03-17 22:45:59,904 [INFO] ThirdParty:883 - exiting critical section [close project]
2025-03-17 22:45:59,909 [INFO] PinOutPanel:1499 - setPackage(No Configuration,No Configuration)
2025-03-17 22:45:59,922 [INFO] UtilMem:75 - Begin LoadConfig() Used Memory: 656936904 Bytes (974127104)
2025-03-17 22:45:59,923 [INFO] MicroXplorer:468 - Change Database Path : 
2025-03-17 22:45:59,925 [INFO] MicroXplorer:498 - Change Database Version : DB.6.0.90
2025-03-17 22:45:59,925 [INFO] OpenFileManager:308 - Change cursor
2025-03-17 22:46:00,411 [INFO] Mcu:1946 - Initializing MCU STM32F401RETx STM32F401RETx STM32F401RET6
2025-03-17 22:46:03,499 [INFO] Context:659 - Trying to add GPIOservice into a context  which must be forbidden
2025-03-17 22:46:05,573 [INFO] ImportTextPane:194 - (OptionalMessage_ERROR) Unable to find key (Mcu.ThirdPartyNb) in loaded IOC file
2025-03-17 22:46:05,574 [INFO] ImportTextPane:194 - (OptionalMessage_ERROR) Unable to find key (Mcu.PinsNb) in loaded IOC file
2025-03-17 22:46:05,574 [INFO] ImportTextPane:194 - (OptionalMessage_ERROR) Unable to find key (Mcu.IPNb) in loaded IOC file
2025-03-17 22:46:06,459 [INFO] RtosManager:555 - Registered RTOS mode: class=CMSIS, group=RTOS, mode=CMSIS_V1, owner=FREERTOS
2025-03-17 22:46:06,459 [INFO] RtosManager:555 - Registered RTOS mode: class=CMSIS, group=RTOS2, mode=CMSIS_V2, owner=FREERTOS
2025-03-17 22:46:06,459 [INFO] RtosManager:555 - Registered RTOS mode: class=RTOS, group=Core, mode=CMSIS_V1, owner=FREERTOS
2025-03-17 22:46:06,459 [INFO] RtosManager:555 - Registered RTOS mode: class=RTOS, group=Core, mode=CMSIS_V2, owner=FREERTOS
2025-03-17 22:46:06,460 [WARN] ModelIntegratedComponent:184 - Missing modes for component STMicroelectronics:FreeRTOS:0.0.1:STMicroelectronics:RTOS:FreeRTOS:Core:::10.2.0:
2025-03-17 22:46:06,472 [WARN] ModelIntegratedComponent:63 - No mode defined for component null
2025-03-17 22:46:06,472 [WARN] ModelIntegratedComponent:63 - No mode defined for component null
2025-03-17 22:46:06,472 [WARN] ModelIntegratedComponent:63 - No mode defined for component null
2025-03-17 22:46:06,472 [WARN] ModelIntegratedComponent:63 - No mode defined for component null
2025-03-17 22:46:06,472 [WARN] ModelIntegratedComponent:63 - No mode defined for component null
2025-03-17 22:46:06,472 [WARN] ModelIntegratedComponent:63 - No mode defined for component null
2025-03-17 22:46:06,473 [WARN] ModelIntegratedComponent:63 - No mode defined for component null
2025-03-17 22:46:06,473 [WARN] ModelIntegratedComponent:63 - No mode defined for component null
2025-03-17 22:46:06,473 [WARN] ModelIntegratedComponent:63 - No mode defined for component null
2025-03-17 22:46:06,473 [WARN] ModelIntegratedComponent:63 - No mode defined for component null
2025-03-17 22:46:06,473 [WARN] ModelIntegratedComponent:63 - No mode defined for component null
2025-03-17 22:46:06,473 [WARN] ModelIntegratedComponent:63 - No mode defined for component null
2025-03-17 22:46:06,473 [WARN] ModelIntegratedComponent:63 - No mode defined for component null
2025-03-17 22:46:06,473 [WARN] ModelIntegratedComponent:63 - No mode defined for component null
2025-03-17 22:46:06,474 [WARN] ModelIntegratedComponent:63 - No mode defined for component null
2025-03-17 22:46:06,474 [WARN] ModelIntegratedComponent:63 - No mode defined for component null
2025-03-17 22:46:06,474 [WARN] ModelIntegratedComponent:63 - No mode defined for component null
2025-03-17 22:46:06,474 [WARN] ModelIntegratedComponent:63 - No mode defined for component null
2025-03-17 22:46:06,474 [WARN] ModelIntegratedComponent:63 - No mode defined for component null
2025-03-17 22:46:06,474 [WARN] ModelIntegratedComponent:63 - No mode defined for component null
2025-03-17 22:46:06,474 [WARN] ModelIntegratedComponent:63 - No mode defined for component null
2025-03-17 22:46:06,474 [WARN] ModelIntegratedComponent:63 - No mode defined for component null
2025-03-17 22:46:06,474 [WARN] ModelIntegratedComponent:63 - No mode defined for component null
2025-03-17 22:46:06,474 [WARN] ModelIntegratedComponent:63 - No mode defined for component null
2025-03-17 22:46:06,474 [WARN] ModelIntegratedComponent:63 - No mode defined for component null
2025-03-17 22:46:06,474 [WARN] ModelIntegratedComponent:63 - No mode defined for component null
2025-03-17 22:46:06,475 [WARN] ModelIntegratedComponent:63 - No mode defined for component null
2025-03-17 22:46:06,475 [WARN] ModelIntegratedComponent:63 - No mode defined for component null
2025-03-17 22:46:06,475 [WARN] ModelIntegratedComponent:63 - No mode defined for component null
2025-03-17 22:46:06,475 [WARN] ModelIntegratedComponent:63 - No mode defined for component null
2025-03-17 22:46:06,475 [WARN] ModelIntegratedComponent:63 - No mode defined for component null
2025-03-17 22:46:06,475 [WARN] ModelIntegratedComponent:63 - No mode defined for component null
2025-03-17 22:46:06,475 [WARN] ModelIntegratedComponent:63 - No mode defined for component null
2025-03-17 22:46:07,073 [INFO] ThirdPartyModel:298 - Start build external matchings
2025-03-17 22:46:09,945 [INFO] ThirdPartyModel:316 - End build external matchings
2025-03-17 22:46:12,321 [INFO] UtilMem:75 - End LoadConfig() Used Memory: 619874272 Bytes (1073741824)
2025-03-17 22:46:12,347 [WARN] ThirdParty:833 - waiting for thirdparty lock release [change project]
2025-03-17 22:46:12,347 [INFO] ThirdParty:835 - entering critical section [change project]
2025-03-17 22:46:12,348 [INFO] ThirdParty:1030 - CMSIS Pack Vendor :STMicroelectronics USBPD 4.1
2025-03-17 22:46:12,348 [INFO] ThirdParty:1030 - CMSIS Pack Vendor :STMicroelectronics X-CUBE-GNSS1 6.0.0
2025-03-17 22:46:12,348 [INFO] ThirdParty:1030 - CMSIS Pack Vendor :STMicroelectronics USB_HOST 2.0.0
2025-03-17 22:46:12,348 [INFO] ThirdParty:1030 - CMSIS Pack Vendor :STMicroelectronics FP-SNS-MOTENVWB1 1.4.0
2025-03-17 22:46:12,348 [INFO] ThirdParty:1030 - CMSIS Pack Vendor :STMicroelectronics X-CUBE-AZRTOS-F4 1.1.0
2025-03-17 22:46:12,348 [INFO] ThirdParty:1030 - CMSIS Pack Vendor :STMicroelectronics LIBJPEG 8.0.0
2025-03-17 22:46:12,349 [INFO] ThirdParty:1030 - CMSIS Pack Vendor :STMicroelectronics FP-ATR-ASTRA1 2.0.2
2025-03-17 22:46:12,349 [INFO] ThirdParty:1030 - CMSIS Pack Vendor :STMicroelectronics FP-ATR-ASTRA1 2.0.1
2025-03-17 22:46:12,349 [INFO] ThirdParty:1030 - CMSIS Pack Vendor :wolfSSL I-CUBE-wolfSSL 5.6.3
2025-03-17 22:46:12,349 [INFO] ThirdParty:1030 - CMSIS Pack Vendor :STMicroelectronics X-CUBE-SMBUS 2.1.0
2025-03-17 22:46:12,349 [INFO] ThirdParty:1030 - CMSIS Pack Vendor :STMicroelectronics X-CUBE-WB05N 1.1.0
2025-03-17 22:46:12,349 [INFO] ThirdParty:1030 - CMSIS Pack Vendor :STMicroelectronics X-CUBE-ISPU 2.1.0
2025-03-17 22:46:12,349 [INFO] ThirdParty:1030 - CMSIS Pack Vendor :STMicroelectronics X-CUBE-FREERTOS 1.2.0
2025-03-17 22:46:12,349 [INFO] ThirdParty:1030 - CMSIS Pack Vendor :STMicroelectronics X-CUBE-AZRTOS-F7 1.1.0
2025-03-17 22:46:12,349 [INFO] ThirdParty:1030 - CMSIS Pack Vendor :STMicroelectronics X-CUBE-AZRTOS-L5 2.0.0
2025-03-17 22:46:12,349 [INFO] ThirdParty:1030 - CMSIS Pack Vendor :STMicroelectronics USB_DEVICE 2.0.0
2025-03-17 22:46:12,349 [INFO] ThirdParty:1030 - CMSIS Pack Vendor :STMicroelectronics X-CUBE-MEMS1 9.6.0
2025-03-17 22:46:12,349 [INFO] ThirdParty:1030 - CMSIS Pack Vendor :STMicroelectronics X-CUBE-EEPRMA1 4.2.0
2025-03-17 22:46:12,349 [INFO] ThirdParty:1030 - CMSIS Pack Vendor :STMicroelectronics X-CUBE-NFC6 3.1.0
2025-03-17 22:46:12,350 [INFO] ThirdParty:1030 - CMSIS Pack Vendor :ITTIA_DB I-CUBE-ITTIADB 8.8.0
2025-03-17 22:46:12,350 [INFO] ThirdParty:1030 - CMSIS Pack Vendor :STMicroelectronics FP-SNS-MOTENV1 4.3.2
2025-03-17 22:46:12,350 [INFO] ThirdParty:1030 - CMSIS Pack Vendor :STMicroelectronics X-CUBE-MEMS1 11.0.0
2025-03-17 22:46:12,350 [INFO] ThirdParty:1030 - CMSIS Pack Vendor :STMicroelectronics X-CUBE-BLE1 6.2.4
2025-03-17 22:46:12,350 [INFO] ThirdParty:1030 - CMSIS Pack Vendor :STMicroelectronics FreeRTOS 0.0.1
2025-03-17 22:46:12,350 [INFO] ThirdParty:1030 - CMSIS Pack Vendor :STMicroelectronics X-CUBE-BLEMGR 2.0.0
2025-03-17 22:46:12,350 [INFO] ThirdParty:1030 - CMSIS Pack Vendor :STMicroelectronics FP-SNS-FLIGHT1 5.0.2
2025-03-17 22:46:12,350 [INFO] ThirdParty:1030 - CMSIS Pack Vendor :STMicroelectronics X-CUBE-AZRTOS-H7 3.1.0
2025-03-17 22:46:12,350 [INFO] ThirdParty:1030 - CMSIS Pack Vendor :STMicroelectronics PDM2PCM 3.3.0
2025-03-17 22:46:12,350 [INFO] ThirdParty:1030 - CMSIS Pack Vendor :STMicroelectronics X-CUBE-DISPLAY 3.0.0
2025-03-17 22:46:12,350 [INFO] ThirdParty:1030 - CMSIS Pack Vendor :STMicroelectronics X-CUBE-BLE1 7.0.0
2025-03-17 22:46:12,350 [INFO] ThirdParty:1030 - CMSIS Pack Vendor :STMicroelectronics X-CUBE-NFC10 1.0.0
2025-03-17 22:46:12,350 [INFO] ThirdParty:1030 - CMSIS Pack Vendor :STMicroelectronics HAL Drivers 0.0.0
2025-03-17 22:46:12,351 [INFO] ThirdParty:1030 - CMSIS Pack Vendor :emotas I-CUBE-CANOPEN 1.3.0
2025-03-17 22:46:12,351 [INFO] ThirdParty:1030 - CMSIS Pack Vendor :STMicroelectronics X-CUBE-FREERTOS 1.3.0
2025-03-17 22:46:12,351 [INFO] ThirdParty:1030 - CMSIS Pack Vendor :STMicroelectronics X-CUBE-TOUCHGFX 4.22.0
2025-03-17 22:46:12,351 [INFO] ThirdParty:1030 - CMSIS Pack Vendor :STMicroelectronics X-CUBE-NFC7 1.0.1
2025-03-17 22:46:12,351 [INFO] ThirdParty:1030 - CMSIS Pack Vendor :STMicroelectronics MBEDTLS 2.14.1
2025-03-17 22:46:12,351 [INFO] ThirdParty:1030 - CMSIS Pack Vendor :STMicroelectronics X-CUBE-TOUCHGFX 4.22.1
2025-03-17 22:46:12,351 [INFO] ThirdParty:1030 - CMSIS Pack Vendor :STMicroelectronics X-CUBE-NFC6 3.0.0
2025-03-17 22:46:12,351 [INFO] ThirdParty:1030 - CMSIS Pack Vendor :STMicroelectronics X-CUBE-EEPRMA1 4.1.0
2025-03-17 22:46:12,351 [INFO] ThirdParty:1030 - CMSIS Pack Vendor :STMicroelectronics X-CUBE-BLEMGR 3.1.0
2025-03-17 22:46:12,351 [INFO] ThirdParty:1030 - CMSIS Pack Vendor :STMicroelectronics X-CUBE-AI 10.0.0
2025-03-17 22:46:12,351 [INFO] ThirdParty:1030 - CMSIS Pack Vendor :STMicroelectronics FP-SNS-SMARTAG2 1.2.0
2025-03-17 22:46:12,351 [INFO] ThirdParty:1030 - CMSIS Pack Vendor :STMicroelectronics X-CUBE-MEMS1 11.1.0
2025-03-17 22:46:12,351 [INFO] ThirdParty:1030 - CMSIS Pack Vendor :STMicroelectronics X-CUBE-AZRTOS-WL 2.0.0
2025-03-17 22:46:12,351 [INFO] ThirdParty:1030 - CMSIS Pack Vendor :STMicroelectronics FP-SNS-MOTENV1 5.0.0
2025-03-17 22:46:12,352 [INFO] ThirdParty:1030 - CMSIS Pack Vendor :STMicroelectronics USB_DEVICE 1.0.0
2025-03-17 22:46:12,352 [INFO] ThirdParty:1030 - CMSIS Pack Vendor :STMicroelectronics X-CUBE-AI 8.1.0
2025-03-17 22:46:12,353 [INFO] ThirdParty:1030 - CMSIS Pack Vendor :wolfSSL I-CUBE-wolfMQTT 1.19.0
2025-03-17 22:46:12,353 [INFO] ThirdParty:1030 - CMSIS Pack Vendor :STMicroelectronics X-CUBE-AZRTOS-L4 2.0.0
2025-03-17 22:46:12,353 [INFO] ThirdParty:1030 - CMSIS Pack Vendor :STMicroelectronics ThreadX 0.0.2
2025-03-17 22:46:12,353 [INFO] ThirdParty:1030 - CMSIS Pack Vendor :WES I-CUBE-Cesium 1.3.0
2025-03-17 22:46:12,353 [INFO] ThirdParty:1030 - CMSIS Pack Vendor :STMicroelectronics lwIP 2.1.2
2025-03-17 22:46:12,353 [INFO] ThirdParty:1030 - CMSIS Pack Vendor :STMicroelectronics X-CUBE-SFXS2LP1 4.0.0
2025-03-17 22:46:12,353 [INFO] ThirdParty:1030 - CMSIS Pack Vendor :STMicroelectronics X-CUBE-BLE2 3.3.0
2025-03-17 22:46:12,353 [INFO] ThirdParty:1030 - CMSIS Pack Vendor :STMicroelectronics PDM2PCM 3.2.0
2025-03-17 22:46:12,354 [INFO] ThirdParty:1030 - CMSIS Pack Vendor :STMicroelectronics X-CUBE-ISPU 1.1.0
2025-03-17 22:46:12,354 [INFO] ThirdParty:1030 - CMSIS Pack Vendor :STMicroelectronics X-CUBE-AZRTOS-H7 3.3.0
2025-03-17 22:46:12,354 [INFO] ThirdParty:1030 - CMSIS Pack Vendor :STMicroelectronics X-CUBE-NFC9 1.0.0
2025-03-17 22:46:12,354 [INFO] ThirdParty:1030 - CMSIS Pack Vendor :STMicroelectronics X-CUBE-BLE1 7.1.0
2025-03-17 22:46:12,354 [INFO] ThirdParty:1030 - CMSIS Pack Vendor :STMicroelectronics USB_DEVICE 3.0.0
2025-03-17 22:46:12,354 [INFO] ThirdParty:1030 - CMSIS Pack Vendor :STMicroelectronics X-CUBE-TCPP 4.1.0
2025-03-17 22:46:12,354 [INFO] ThirdParty:1030 - CMSIS Pack Vendor :STMicroelectronics X-CUBE-AZRTOS-WB 2.0.0
2025-03-17 22:46:12,354 [INFO] ThirdParty:1030 - CMSIS Pack Vendor :STMicroelectronics X-CUBE-FREERTOS 1.0.1
2025-03-17 22:46:12,355 [INFO] ThirdParty:1030 - CMSIS Pack Vendor :STMicroelectronics X-CUBE-GNSS1 7.0.0
2025-03-17 22:46:12,355 [INFO] ThirdParty:1030 - CMSIS Pack Vendor :STMicroelectronics X-CUBE-GNSS1 7.0.1
2025-03-17 22:46:12,355 [INFO] ThirdParty:1030 - CMSIS Pack Vendor :STMicroelectronics X-CUBE-TOUCHGFX 4.25.0
2025-03-17 22:46:12,355 [INFO] ThirdParty:1030 - CMSIS Pack Vendor :STMicroelectronics X-CUBE-ALGOBUILD 1.3.0
2025-03-17 22:46:12,355 [INFO] ThirdParty:1030 - CMSIS Pack Vendor :STMicroelectronics X-CUBE-AZRTOS-G0 1.1.0
2025-03-17 22:46:12,355 [INFO] ThirdParty:1030 - CMSIS Pack Vendor :STMicroelectronics X-CUBE-AI 8.0.1
2025-03-17 22:46:12,355 [INFO] ThirdParty:1030 - CMSIS Pack Vendor :STMicroelectronics X-CUBE-SAFEA1 1.2.2
2025-03-17 22:46:12,355 [INFO] ThirdParty:1030 - CMSIS Pack Vendor :STMicroelectronics X-CUBE-NFC4 3.0.0
2025-03-17 22:46:12,355 [INFO] ThirdParty:1030 - CMSIS Pack Vendor :STMicroelectronics X-CUBE-SUBG2 5.0.0
2025-03-17 22:46:12,355 [INFO] ThirdParty:1030 - CMSIS Pack Vendor :STMicroelectronics X-CUBE-AZRTOS-H7RS 1.1.0
2025-03-17 22:46:12,356 [INFO] ThirdParty:1030 - CMSIS Pack Vendor :STMicroelectronics STM32_WPAN 1.0.0
2025-03-17 22:46:12,356 [INFO] ThirdParty:1030 - CMSIS Pack Vendor :STMicroelectronics lwIP 2.0.3
2025-03-17 22:46:12,356 [INFO] ThirdParty:1030 - CMSIS Pack Vendor :Cesanta I-CUBE-Mongoose 7.13.0
2025-03-17 22:46:12,356 [INFO] ThirdParty:1030 - CMSIS Pack Vendor :STMicroelectronics USB_HOST 1.0.0
2025-03-17 22:46:12,356 [INFO] ThirdParty:1030 - CMSIS Pack Vendor :STMicroelectronics X-CUBE-TOF1 3.3.1
2025-03-17 22:46:12,356 [INFO] ThirdParty:1030 - CMSIS Pack Vendor :STMicroelectronics X-CUBE-AZRTOS-G4 2.0.0
2025-03-17 22:46:12,356 [INFO] ThirdParty:1030 - CMSIS Pack Vendor :STMicroelectronics PDM2PCM 3.1.0
2025-03-17 22:46:12,356 [INFO] ThirdParty:1030 - CMSIS Pack Vendor :Infineon AIROC-Wi-Fi-Bluetooth-STM32 1.5.1
2025-03-17 22:46:12,356 [INFO] ThirdParty:1030 - CMSIS Pack Vendor :STMicroelectronics X-CUBE-BLEMGR 3.0.0
2025-03-17 22:46:12,356 [INFO] ThirdParty:1030 - CMSIS Pack Vendor :STMicroelectronics FP-SNS-MOTENVWB1 1.3.0
2025-03-17 22:46:12,356 [INFO] ThirdParty:1030 - CMSIS Pack Vendor :STMicroelectronics FP-ATR-SIGFOX1 3.2.0
2025-03-17 22:46:12,356 [INFO] ThirdParty:1030 - CMSIS Pack Vendor :STMicroelectronics X-CUBE-EEPRMA1 5.1.0
2025-03-17 22:46:12,356 [INFO] ThirdParty:1030 - CMSIS Pack Vendor :STMicroelectronics MBEDTLS 2.16.2
2025-03-17 22:46:12,356 [INFO] ThirdParty:1030 - CMSIS Pack Vendor :STMicroelectronics X-CUBE-ALS 1.0.2
2025-03-17 22:46:12,356 [INFO] ThirdParty:1030 - CMSIS Pack Vendor :STMicroelectronics X-CUBE-MEMS1 10.0.0
2025-03-17 22:46:12,356 [INFO] ThirdParty:1030 - CMSIS Pack Vendor :STMicroelectronics X-CUBE-FREERTOS 1.1.0
2025-03-17 22:46:12,357 [INFO] ThirdParty:1030 - CMSIS Pack Vendor :STMicroelectronics X-CUBE-TOUCHGFX 4.24.2
2025-03-17 22:46:12,357 [INFO] ThirdParty:1030 - CMSIS Pack Vendor :STMicroelectronics X-CUBE-TOUCHGFX 4.24.1
2025-03-17 22:46:12,357 [INFO] ThirdParty:1030 - CMSIS Pack Vendor :wolfSSL I-CUBE-wolfTPM 3.4.0
2025-03-17 22:46:12,357 [INFO] ThirdParty:1030 - CMSIS Pack Vendor :portGmbH I-Cube-SoM-uGOAL 1.1.0
2025-03-17 22:46:12,357 [INFO] ThirdParty:1030 - CMSIS Pack Vendor :STMicroelectronics X-CUBE-ALS 1.0.1
2025-03-17 22:46:12,357 [INFO] ThirdParty:1030 - CMSIS Pack Vendor :STMicroelectronics ThreadX 1.0.0
2025-03-17 22:46:12,357 [INFO] ThirdParty:1030 - CMSIS Pack Vendor :SEGGER I-CUBE-embOS 1.3.1
2025-03-17 22:46:12,357 [INFO] ThirdParty:1030 - CMSIS Pack Vendor :STMicroelectronics X-CUBE-ALGOBUILD 1.4.0
2025-03-17 22:46:12,357 [INFO] ThirdParty:1030 - CMSIS Pack Vendor :STMicroelectronics X-CUBE-AZRTOS-H7RS 1.0.0
2025-03-17 22:46:12,357 [INFO] ThirdParty:1030 - CMSIS Pack Vendor :STMicroelectronics FP-ATR-ASTRA1 2.0.0
2025-03-17 22:46:12,357 [INFO] ThirdParty:1030 - CMSIS Pack Vendor :STMicroelectronics X-CUBE-AI 9.1.0
2025-03-17 22:46:12,357 [INFO] ThirdParty:1030 - CMSIS Pack Vendor :wolfSSL I-CUBE-wolfSSH 1.4.17
2025-03-17 22:46:12,357 [INFO] ThirdParty:841 - exiting critical section [change project]
2025-03-17 22:46:14,170 [INFO] PinOutPanel:1499 - setPackage(No Configuration,No Configuration)
2025-03-17 22:46:14,172 [INFO] PinOutPanel:1499 - setPackage(STM32F401RETx,LQFP64)
2025-03-17 22:46:16,320 [INFO] UtilMem:75 - Before build in PCC Used Memory: 823504008 Bytes (1073741824)
2025-03-17 22:46:18,066 [INFO] UtilMem:75 - After build in PCC Used Memory: 695409160 Bytes (1073741824)
2025-03-17 22:46:18,120 [INFO] IPUIPlugin:80 - create IPUIPlugin
2025-03-17 22:46:18,121 [INFO] IPUIPlugin:80 - create IPUIPlugin
2025-03-17 22:46:18,121 [INFO] IPUIPlugin:80 - create IPUIPlugin
2025-03-17 22:46:18,121 [INFO] IPUIPlugin:80 - create IPUIPlugin
2025-03-17 22:46:18,121 [INFO] IPUIPlugin:80 - create IPUIPlugin
2025-03-17 22:46:18,121 [INFO] IPUIPlugin:80 - create IPUIPlugin
2025-03-17 22:46:18,122 [INFO] IPUIPlugin:80 - create IPUIPlugin
2025-03-17 22:46:18,125 [INFO] IPUIPlugin:80 - create IPUIPlugin
2025-03-17 22:46:18,128 [INFO] IPUIPlugin:80 - create IPUIPlugin
2025-03-17 22:46:18,128 [INFO] IPUIPlugin:80 - create IPUIPlugin
2025-03-17 22:46:18,132 [INFO] IPUIPlugin:80 - create IPUIPlugin
2025-03-17 22:46:18,132 [INFO] IPUIPlugin:80 - create IPUIPlugin
2025-03-17 22:46:18,135 [INFO] IPUIPlugin:80 - create IPUIPlugin
2025-03-17 22:46:18,135 [INFO] IPUIPlugin:80 - create IPUIPlugin
2025-03-17 22:46:18,136 [INFO] IPUIPlugin:80 - create IPUIPlugin
2025-03-17 22:46:18,136 [INFO] IPUIPlugin:80 - create IPUIPlugin
2025-03-17 22:46:18,136 [INFO] IPUIPlugin:80 - create IPUIPlugin
2025-03-17 22:46:18,137 [INFO] IPUIPlugin:80 - create IPUIPlugin
2025-03-17 22:46:18,137 [INFO] IPUIPlugin:80 - create IPUIPlugin
2025-03-17 22:46:18,137 [INFO] IPUIPlugin:80 - create IPUIPlugin
2025-03-17 22:46:18,137 [INFO] IPUIPlugin:80 - create IPUIPlugin
2025-03-17 22:46:18,138 [INFO] IPUIPlugin:80 - create IPUIPlugin
2025-03-17 22:46:18,138 [INFO] IPUIPlugin:80 - create IPUIPlugin
2025-03-17 22:46:18,138 [INFO] IPUIPlugin:80 - create IPUIPlugin
2025-03-17 22:46:18,139 [INFO] IPUIPlugin:80 - create IPUIPlugin
2025-03-17 22:46:18,139 [INFO] IPUIPlugin:80 - create IPUIPlugin
2025-03-17 22:46:18,139 [INFO] IPUIPlugin:80 - create IPUIPlugin
2025-03-17 22:46:18,139 [INFO] IPUIPlugin:80 - create IPUIPlugin
2025-03-17 22:46:18,140 [INFO] IPUIPlugin:80 - create IPUIPlugin
2025-03-17 22:46:18,140 [INFO] IPUIPlugin:80 - create IPUIPlugin
2025-03-17 22:46:18,141 [INFO] IPUIPlugin:80 - create IPUIPlugin
2025-03-17 22:46:18,141 [INFO] IPUIPlugin:80 - create IPUIPlugin
2025-03-17 22:46:18,141 [INFO] IPUIPlugin:80 - create IPUIPlugin
2025-03-17 22:46:18,142 [INFO] IPUIPlugin:80 - create IPUIPlugin
2025-03-17 22:46:18,142 [INFO] IPUIPlugin:80 - create IPUIPlugin
2025-03-17 22:46:18,143 [INFO] IPUIPlugin:80 - create IPUIPlugin
2025-03-17 22:46:18,144 [INFO] IPUIPlugin:80 - create IPUIPlugin
2025-03-17 22:46:18,145 [INFO] IPUIPlugin:80 - create IPUIPlugin
2025-03-17 22:46:18,356 [INFO] ApiDbMcu:507 - Load IP Config File for PDM2PCM
2025-03-17 22:46:18,698 [INFO] CADModel:165 - CPN selected for project levelSTM32F401RET6
2025-03-17 22:46:18,698 [INFO] CADModel:114 - Register for checkConnection events
2025-03-17 22:46:18,755 [INFO] OpenFileManager:328 - Restore cursor
2025-03-17 22:46:21,310 [INFO] UtilMem:75 - End SaveConfig() Used Memory: 681951456 Bytes (1073741824)
2025-03-17 22:46:21,637 [INFO] UtilMem:75 - End SaveConfig() Used Memory: 701259392 Bytes (1073741824)
2025-03-17 22:46:23,170 [INFO] BlockDiagram:2759 - set Specific Code input for plugin: NVIC
2025-03-17 22:46:23,171 [INFO] BlockDiagram:2759 - set Specific Code input for plugin: RCC
2025-03-17 22:46:23,172 [INFO] CodeGenerator:799 - code generatio: config db path: C:\ST\STM32CubeIDE_1.13.0\STM32CubeIDE\plugins\com.st.stm32cube.common.mx_6.9.0.202307051724\\db\
2025-03-17 22:46:23,545 [INFO] CodeEngine:255 - oldGeneratedFile, C:\Users\Mediatek\Documents\WORK\stm\stmProj\train13\MXTmpFiles\license.tmp_save
2025-03-17 22:46:24,519 [INFO] CodeEngine:279 - Generated code: C:\Users\Mediatek\Documents\WORK\stm\stmProj\train13\MXTmpFiles\license.tmp
2025-03-17 22:46:24,555 [INFO] CodeEngine:255 - oldGeneratedFile, C:\Users\Mediatek\Documents\WORK\stm\stmProj\train13\Core\Src\stm32f4xx_it.c_save
2025-03-17 22:46:25,397 [INFO] CodeEngine:279 - Generated code: C:\Users\Mediatek\Documents\WORK\stm\stmProj\train13\Core\Src\stm32f4xx_it.c
2025-03-17 22:46:25,412 [INFO] CodeEngine:255 - oldGeneratedFile, C:\Users\Mediatek\Documents\WORK\stm\stmProj\train13\Core\Inc\stm32f4xx_it.h_save
2025-03-17 22:46:25,704 [INFO] CodeEngine:279 - Generated code: C:\Users\Mediatek\Documents\WORK\stm\stmProj\train13\Core\Inc\stm32f4xx_it.h
2025-03-17 22:46:25,932 [INFO] CodeEngine:255 - oldGeneratedFile, C:\Users\Mediatek\Documents\WORK\stm\stmProj\train13\Core\Src\stm32f4xx_hal_msp.c_save
2025-03-17 22:46:26,482 [INFO] CodeEngine:279 - Generated code: C:\Users\Mediatek\Documents\WORK\stm\stmProj\train13\Core\Src\stm32f4xx_hal_msp.c
2025-03-17 22:46:26,490 [INFO] CodeEngine:255 - oldGeneratedFile, C:\Users\Mediatek\Documents\WORK\stm\stmProj\train13\MXTmpFiles\system.tmp_save
2025-03-17 22:46:26,675 [INFO] CodeEngine:279 - Generated code: C:\Users\Mediatek\Documents\WORK\stm\stmProj\train13\MXTmpFiles\system.tmp
2025-03-17 22:46:26,710 [INFO] CodeEngine:311 - oldGeneratedFile, C:\Users\Mediatek\Documents\WORK\stm\stmProj\train13\Core\Inc\stm32f4xx_hal_conf.h_save
2025-03-17 22:46:27,065 [INFO] CodeEngine:335 - Generated code: C:\Users\Mediatek\Documents\WORK\stm\stmProj\train13\Core\Inc\stm32f4xx_hal_conf.h
2025-03-17 22:46:27,248 [INFO] CodeEngine:255 - oldGeneratedFile, C:\Users\Mediatek\Documents\WORK\stm\stmProj\train13\Core\Inc\main.h_save
2025-03-17 22:46:28,111 [INFO] CodeEngine:279 - Generated code: C:\Users\Mediatek\Documents\WORK\stm\stmProj\train13\Core\Inc\main.h
2025-03-17 22:46:28,172 [INFO] CodeEngine:255 - oldGeneratedFile, C:\Users\Mediatek\Documents\WORK\stm\stmProj\train13\Core\Src\main.c_save
2025-03-17 22:46:28,799 [INFO] CodeEngine:279 - Generated code: C:\Users\Mediatek\Documents\WORK\stm\stmProj\train13\Core\Src\main.c
2025-03-17 22:46:30,631 [INFO] ProjectBuilder:3064 - Time for Copy HAL[1] : 518mS.
2025-03-17 22:46:30,641 [INFO] ProjectBuilder:4404 - Project Generator version: 4.1.0
2025-03-17 22:46:31,295 [INFO] ConfigFileManager:1457 - The Die is : DIE433
2025-03-17 22:46:31,343 [INFO] ApiDbMcu:507 - Load IP Config File for FATFS
2025-03-17 22:46:31,433 [INFO] ApiDbMcu:507 - Load IP Config File for FREERTOS
2025-03-17 22:46:31,460 [INFO] ApiDbMcu:507 - Load IP Config File for LIBJPEG
2025-03-17 22:46:31,586 [INFO] ApiDbMcu:507 - Load IP Config File for MBEDTLS
2025-03-17 22:46:31,678 [INFO] ApiDbMcu:507 - Load IP Config File for USB_DEVICE
2025-03-17 22:46:31,736 [INFO] ApiDbMcu:507 - Load IP Config File for USB_HOST
2025-03-17 22:46:34,381 [INFO] LogOutputStream:77 - [STDOUT_REDIRECT] 
2025-03-17 22:46:42,765 [INFO] ProjectBuilder:4626 - Time for Generating toolchain IDE Files: 12122mS.
2025-03-17 22:46:42,766 [INFO] ProjectBuilder:2935 - Time for Copy CMSIS : 1mS.
2025-03-17 22:46:42,770 [INFO] ProjectBuilder:2935 - Time for Copy CMSIS : 0mS.
2025-03-17 22:46:44,603 [INFO] McuFinderGlobals:76 - Set McuFinderConnectedMode to true
2025-03-17 22:46:44,610 [INFO] ApiDb:448 - Save user favorites file C:\Users\Mediatek/.stm32cubeide/favorites.mcus.txt: 1 item(s)
2025-03-17 22:46:44,611 [INFO] ApiDb:452 - User favorites MCUs=[STM32L476RGT3]
2025-03-17 22:50:09,806 [INFO] Gpio:273 - dependency for GPIO [SYS]
2025-03-17 22:50:12,760 [INFO] Gpio:273 - dependency for GPIO [SYS]
2025-03-17 22:50:12,930 [INFO] NvicIntPanel:101 - NVIC parent = com.st.microxplorer.plugins.ip.nvic.MultiNvicIntPanel[,0,0,0x0,invalid,layout=javax.swing.BoxLayout,alignmentX=0.0,alignmentY=0.0,border=,flags=9,maximumSize=,minimumSize=,preferredSize=]
2025-03-17 22:50:15,352 [INFO] NvicIntPanel:101 - NVIC parent = com.st.microxplorer.plugins.ip.nvic.MultiNvicIntPanel[,0,0,0x0,invalid,layout=javax.swing.BoxLayout,alignmentX=0.0,alignmentY=0.0,border=,flags=9,maximumSize=,minimumSize=,preferredSize=]
2025-03-17 22:50:44,433 [INFO] NvicIntPanel:101 - NVIC parent = com.st.microxplorer.plugins.ip.nvic.MultiNvicIntPanel[,0,0,450x110,layout=javax.swing.BoxLayout,alignmentX=0.0,alignmentY=0.0,border=,flags=9,maximumSize=,minimumSize=,preferredSize=]
2025-03-17 23:01:27,663 [INFO] NvicIntPanel:101 - NVIC parent = com.st.microxplorer.plugins.ip.nvic.MultiNvicIntPanel[,0,0,493x255,layout=javax.swing.BoxLayout,alignmentX=0.0,alignmentY=0.0,border=,flags=9,maximumSize=,minimumSize=,preferredSize=]
2025-03-17 23:02:02,258 [INFO] UtilMem:75 - End SaveConfig() Used Memory: 794759728 Bytes (1073741824)
2025-03-17 23:02:04,941 [INFO] UtilMem:75 - End SaveConfig() Used Memory: 814888264 Bytes (1073741824)
2025-03-17 23:02:10,664 [INFO] UtilMem:75 - End SaveConfig() Used Memory: 677851112 Bytes (1073741824)
2025-03-17 23:02:11,453 [INFO] BlockDiagram:2759 - set Specific Code input for plugin: NVIC
2025-03-17 23:02:11,453 [INFO] BlockDiagram:2759 - set Specific Code input for plugin: USART
2025-03-17 23:02:11,453 [INFO] BlockDiagram:2759 - set Specific Code input for plugin: SYS
2025-03-17 23:02:11,453 [INFO] BlockDiagram:2759 - set Specific Code input for plugin: GPIO
2025-03-17 23:02:11,453 [INFO] BlockDiagram:2759 - set Specific Code input for plugin: RCC
2025-03-17 23:02:11,455 [INFO] CodeGenerator:799 - code generatio: config db path: C:\ST\STM32CubeIDE_1.13.0\STM32CubeIDE\plugins\com.st.stm32cube.common.mx_6.9.0.202307051724\\db\
2025-03-17 23:02:11,790 [INFO] CodeEngine:255 - oldGeneratedFile, C:\Users\Mediatek\Documents\WORK\stm\stmProj\train13\MXTmpFiles\license.tmp_save
2025-03-17 23:02:12,192 [INFO] CodeEngine:279 - Generated code: C:\Users\Mediatek\Documents\WORK\stm\stmProj\train13\MXTmpFiles\license.tmp
2025-03-17 23:02:12,324 [INFO] CodeEngine:255 - oldGeneratedFile, C:\Users\Mediatek\Documents\WORK\stm\stmProj\train13\MXTmpFiles\gpio.tmp_save
2025-03-17 23:02:12,553 [INFO] CodeEngine:279 - Generated code: C:\Users\Mediatek\Documents\WORK\stm\stmProj\train13\MXTmpFiles\gpio.tmp
2025-03-17 23:02:12,802 [INFO] CodeEngine:255 - oldGeneratedFile, C:\Users\Mediatek\Documents\WORK\stm\stmProj\train13\Core\Src\stm32f4xx_it.c_save
2025-03-17 23:02:13,764 [INFO] CodeEngine:279 - Generated code: C:\Users\Mediatek\Documents\WORK\stm\stmProj\train13\Core\Src\stm32f4xx_it.c
2025-03-17 23:02:13,804 [INFO] CodeEngine:255 - oldGeneratedFile, C:\Users\Mediatek\Documents\WORK\stm\stmProj\train13\Core\Inc\stm32f4xx_it.h_save
2025-03-17 23:02:14,020 [INFO] CodeEngine:279 - Generated code: C:\Users\Mediatek\Documents\WORK\stm\stmProj\train13\Core\Inc\stm32f4xx_it.h
2025-03-17 23:02:14,060 [INFO] CodeEngine:255 - oldGeneratedFile, C:\Users\Mediatek\Documents\WORK\stm\stmProj\train13\Core\Src\stm32f4xx_hal_msp.c_save
2025-03-17 23:02:14,320 [INFO] CodeEngine:279 - Generated code: C:\Users\Mediatek\Documents\WORK\stm\stmProj\train13\Core\Src\stm32f4xx_hal_msp.c
2025-03-17 23:02:14,355 [INFO] CodeEngine:255 - oldGeneratedFile, C:\Users\Mediatek\Documents\WORK\stm\stmProj\train13\MXTmpFiles\system.tmp_save
2025-03-17 23:02:14,468 [INFO] CodeEngine:279 - Generated code: C:\Users\Mediatek\Documents\WORK\stm\stmProj\train13\MXTmpFiles\system.tmp
2025-03-17 23:02:14,513 [INFO] CodeEngine:311 - oldGeneratedFile, C:\Users\Mediatek\Documents\WORK\stm\stmProj\train13\Core\Inc\stm32f4xx_hal_conf.h_save
2025-03-17 23:02:14,785 [INFO] CodeEngine:335 - Generated code: C:\Users\Mediatek\Documents\WORK\stm\stmProj\train13\Core\Inc\stm32f4xx_hal_conf.h
2025-03-17 23:02:14,924 [INFO] CodeEngine:255 - oldGeneratedFile, C:\Users\Mediatek\Documents\WORK\stm\stmProj\train13\Core\Inc\main.h_save
2025-03-17 23:02:15,087 [INFO] CodeEngine:279 - Generated code: C:\Users\Mediatek\Documents\WORK\stm\stmProj\train13\Core\Inc\main.h
2025-03-17 23:02:15,113 [INFO] CodeEngine:255 - oldGeneratedFile, C:\Users\Mediatek\Documents\WORK\stm\stmProj\train13\Core\Src\main.c_save
2025-03-17 23:02:15,326 [INFO] CodeEngine:279 - Generated code: C:\Users\Mediatek\Documents\WORK\stm\stmProj\train13\Core\Src\main.c
2025-03-17 23:02:16,268 [INFO] ProjectBuilder:3064 - Time for Copy HAL[1] : 273mS.
2025-03-17 23:02:16,280 [INFO] ProjectBuilder:4404 - Project Generator version: 4.1.0
2025-03-17 23:02:16,804 [INFO] ConfigFileManager:1457 - The Die is : DIE433
2025-03-17 23:02:21,270 [INFO] ProjectBuilder:4626 - Time for Generating toolchain IDE Files: 4997mS.
2025-03-17 23:02:21,271 [INFO] ProjectBuilder:2935 - Time for Copy CMSIS : 1mS.
2025-03-17 23:02:21,274 [INFO] ProjectBuilder:2935 - Time for Copy CMSIS : 0mS.
2025-03-17 23:08:36,712 [INFO] LogOutputStream:77 - [STDOUT_REDIRECT] StartTraceHandler.execute(), success : Collect=true
